#
# There is insufficient memory for the Java Runtime Environment to continue.
# Native memory allocation (malloc) failed to allocate 833776 bytes for Chunk::new
# Possible reasons:
#   The system is out of physical RAM or swap space
#   The process is running with CompressedOops enabled, and the Java Heap may be blocking the growth of the native heap
# Possible solutions:
#   Reduce memory load on the system
#   Increase physical memory or swap space
#   Check if swap backing store is full
#   Decrease Java heap size (-Xmx/-Xms)
#   Decrease number of Java threads
#   Decrease Java thread stack sizes (-Xss)
#   Set larger code cache with -XX:ReservedCodeCacheSize=
#   JVM is running with Unscaled Compressed Oops mode in which the Java heap is
#     placed in the first 4GB address space. The Java Heap base address is the
#     maximum limit for the native heap growth. Please use -XX:HeapBaseMinAddress
#     to set the Java Heap base and to place the Java Heap above 4GB virtual address.
# This output file may be truncated or incomplete.
#
#  Out of Memory Error (allocation.cpp:389), pid=4832, tid=0x0000000000001b9c
#
# JRE version: OpenJDK Runtime Environment (8.0_242-b01) (build 1.8.0_242-release-1644-b01)
# Java VM: OpenJDK 64-Bit Server VM (25.242-b01 mixed mode windows-amd64 compressed oops)
# Failed to write core dump. Minidumps are not enabled by default on client versions of Windows
#

---------------  T H R E A D  ---------------

Current thread (0x000000001a047000):  JavaThread "C2 CompilerThread1" daemon [_thread_in_native, id=7068, stack(0x000000001aa10000,0x000000001ab10000)]

Stack: [0x000000001aa10000,0x000000001ab10000]
[error occurred during error reporting (printing stack bounds), id 0xc0000005]

Native frames: (J=compiled Java code, j=interpreted, Vv=VM code, C=native code)


Current CompileTask:
C2:  33052 11603       4       org.objectweb.asm.commons.Remapper::mapType (123 bytes)


---------------  P R O C E S S  ---------------

Java Threads: ( => current thread )
  0x000000001f7c3800 JavaThread "Cache worker for execution history cache (C:\Project\Mine\GalleryAdapterDemo\.gradle\6.7.1\executionHistory)" [_thread_blocked, id=1152, stack(0x0000000030150000,0x0000000030250000)]
  0x000000001f7b6000 JavaThread "Memory manager" [_thread_blocked, id=10924, stack(0x000000002c500000,0x000000002c600000)]
  0x000000001f7bc800 JavaThread "jar transforms Thread 119" [_thread_blocked, id=8156, stack(0x000000002c200000,0x000000002c300000)]
  0x000000001f7bc000 JavaThread "jar transforms Thread 118" [_thread_blocked, id=13320, stack(0x000000002c100000,0x000000002c200000)]
  0x000000001f7b8000 JavaThread "jar transforms Thread 117" [_thread_blocked, id=14296, stack(0x000000002c000000,0x000000002c100000)]
  0x000000001f7bb000 JavaThread "jar transforms Thread 116" [_thread_blocked, id=6364, stack(0x000000002bf00000,0x000000002c000000)]
  0x000000001f7b6800 JavaThread "jar transforms Thread 115" [_thread_blocked, id=1928, stack(0x000000002be00000,0x000000002bf00000)]
  0x000000001f7ba800 JavaThread "jar transforms Thread 114" [_thread_blocked, id=2612, stack(0x000000002bd00000,0x000000002be00000)]
  0x000000001d5ac000 JavaThread "jar transforms Thread 113" [_thread_blocked, id=5200, stack(0x000000002bc00000,0x000000002bd00000)]
  0x000000001d5ab000 JavaThread "jar transforms Thread 112" [_thread_blocked, id=5492, stack(0x000000002bb00000,0x000000002bc00000)]
  0x000000001d5aa000 JavaThread "jar transforms Thread 111" [_thread_blocked, id=4960, stack(0x000000002ba00000,0x000000002bb00000)]
  0x000000001d5a9800 JavaThread "jar transforms Thread 110" [_thread_blocked, id=10856, stack(0x000000002b900000,0x000000002ba00000)]
  0x000000001d5a2000 JavaThread "jar transforms Thread 109" [_thread_blocked, id=13664, stack(0x000000002b800000,0x000000002b900000)]
  0x000000001d5a8800 JavaThread "jar transforms Thread 108" [_thread_blocked, id=13636, stack(0x000000002b700000,0x000000002b800000)]
  0x000000001d5a8000 JavaThread "jar transforms Thread 107" [_thread_blocked, id=13736, stack(0x000000002b600000,0x000000002b700000)]
  0x000000001d5a0800 JavaThread "jar transforms Thread 106" [_thread_blocked, id=5112, stack(0x000000002b500000,0x000000002b600000)]
  0x000000001d5a7000 JavaThread "jar transforms Thread 105" [_thread_blocked, id=948, stack(0x000000002b400000,0x000000002b500000)]
  0x000000001d59f800 JavaThread "jar transforms Thread 104" [_thread_blocked, id=10972, stack(0x000000002b300000,0x000000002b400000)]
  0x000000001d5a6800 JavaThread "jar transforms Thread 103" [_thread_blocked, id=9036, stack(0x000000002b200000,0x000000002b300000)]
  0x000000001d5a5000 JavaThread "jar transforms Thread 102" [_thread_blocked, id=14316, stack(0x000000002b100000,0x000000002b200000)]
  0x000000001d5a5800 JavaThread "jar transforms Thread 101" [_thread_blocked, id=7368, stack(0x000000002b000000,0x000000002b100000)]
  0x000000001d59e000 JavaThread "jar transforms Thread 100" [_thread_blocked, id=11544, stack(0x000000002af00000,0x000000002b000000)]
  0x000000001d5a4000 JavaThread "jar transforms Thread 99" [_thread_blocked, id=8360, stack(0x000000002ae00000,0x000000002af00000)]
  0x000000001d5a3800 JavaThread "jar transforms Thread 98" [_thread_blocked, id=9396, stack(0x000000002ad00000,0x000000002ae00000)]
  0x000000001d59c800 JavaThread "jar transforms Thread 97" [_thread_blocked, id=13476, stack(0x000000002ac00000,0x000000002ad00000)]
  0x000000001d5a1000 JavaThread "jar transforms Thread 96" [_thread_blocked, id=5320, stack(0x000000002ab00000,0x000000002ac00000)]
  0x000000001d59d800 JavaThread "jar transforms Thread 95" [_thread_blocked, id=6564, stack(0x000000002aa00000,0x000000002ab00000)]
  0x000000001d59f000 JavaThread "jar transforms Thread 94" [_thread_blocked, id=5248, stack(0x000000002a900000,0x000000002aa00000)]
  0x000000001d5a2800 JavaThread "jar transforms Thread 93" [_thread_blocked, id=7084, stack(0x000000002a800000,0x000000002a900000)]
  0x000000001a3b2000 JavaThread "jar transforms Thread 92" [_thread_blocked, id=13592, stack(0x000000002a700000,0x000000002a800000)]
  0x000000001a3b0000 JavaThread "jar transforms Thread 91" [_thread_blocked, id=4128, stack(0x000000002a600000,0x000000002a700000)]
  0x000000001a3af000 JavaThread "jar transforms Thread 90" [_thread_blocked, id=13632, stack(0x000000002a500000,0x000000002a600000)]
  0x000000001a3ae800 JavaThread "jar transforms Thread 89" [_thread_blocked, id=13328, stack(0x000000002a400000,0x000000002a500000)]
  0x000000001a3b1800 JavaThread "jar transforms Thread 88" [_thread_blocked, id=4428, stack(0x000000002a300000,0x000000002a400000)]
  0x000000001a3b3000 JavaThread "jar transforms Thread 87" [_thread_blocked, id=13304, stack(0x000000002a200000,0x000000002a300000)]
  0x000000001a3b0800 JavaThread "jar transforms Thread 86" [_thread_blocked, id=4524, stack(0x000000002a100000,0x000000002a200000)]
  0x000000001a3ad800 JavaThread "jar transforms Thread 85" [_thread_blocked, id=3040, stack(0x000000002a000000,0x000000002a100000)]
  0x000000001a3a6000 JavaThread "jar transforms Thread 84" [_thread_blocked, id=4440, stack(0x0000000029f00000,0x000000002a000000)]
  0x000000001a3ad000 JavaThread "jar transforms Thread 83" [_thread_blocked, id=3628, stack(0x0000000029e00000,0x0000000029f00000)]
  0x000000001a3ac000 JavaThread "jar transforms Thread 82" [_thread_blocked, id=4848, stack(0x0000000029d00000,0x0000000029e00000)]
  0x000000001a3ab800 JavaThread "jar transforms Thread 81" [_thread_blocked, id=10300, stack(0x0000000029b00000,0x0000000029c00000)]
  0x000000001a3a4000 JavaThread "jar transforms Thread 80" [_thread_blocked, id=2872, stack(0x0000000029a00000,0x0000000029b00000)]
  0x000000001a3aa000 JavaThread "jar transforms Thread 79" [_thread_blocked, id=12752, stack(0x0000000029900000,0x0000000029a00000)]
  0x000000001a3a5800 JavaThread "jar transforms Thread 78" [_thread_blocked, id=10148, stack(0x0000000029800000,0x0000000029900000)]
  0x000000001a3a9000 JavaThread "jar transforms Thread 77" [_thread_blocked, id=4704, stack(0x0000000029700000,0x0000000029800000)]
  0x000000001a3a8800 JavaThread "jar transforms Thread 76" [_thread_blocked, id=3528, stack(0x0000000029600000,0x0000000029700000)]
  0x000000001a3aa800 JavaThread "jar transforms Thread 75" [_thread_blocked, id=5268, stack(0x0000000029500000,0x0000000029600000)]
  0x000000001a3a7800 JavaThread "jar transforms Thread 74" [_thread_blocked, id=6724, stack(0x0000000029400000,0x0000000029500000)]
  0x000000001a3a7000 JavaThread "jar transforms Thread 73" [_thread_blocked, id=9920, stack(0x0000000029300000,0x0000000029400000)]
  0x000000001a3a4800 JavaThread "jar transforms Thread 72" [_thread_blocked, id=8960, stack(0x0000000029200000,0x0000000029300000)]
  0x000000001fbb3800 JavaThread "jar transforms Thread 71" [_thread_blocked, id=6096, stack(0x0000000029100000,0x0000000029200000)]
  0x000000001fbb2800 JavaThread "jar transforms Thread 70" [_thread_blocked, id=5092, stack(0x0000000029000000,0x0000000029100000)]
  0x000000001fbb6800 JavaThread "jar transforms Thread 69" [_thread_blocked, id=12264, stack(0x0000000028f00000,0x0000000029000000)]
  0x000000001fbb0800 JavaThread "jar transforms Thread 68" [_thread_blocked, id=6192, stack(0x0000000028e00000,0x0000000028f00000)]
  0x000000001fbb5000 JavaThread "jar transforms Thread 67" [_thread_blocked, id=8504, stack(0x0000000028d00000,0x0000000028e00000)]
  0x000000001fbb2000 JavaThread "jar transforms Thread 66" [_thread_blocked, id=13216, stack(0x0000000028c00000,0x0000000028d00000)]
  0x000000001fbb4000 JavaThread "jar transforms Thread 65" [_thread_blocked, id=4652, stack(0x0000000028b00000,0x0000000028c00000)]
  0x000000001fbb7000 JavaThread "jar transforms Thread 64" [_thread_blocked, id=11408, stack(0x0000000028a00000,0x0000000028b00000)]
  0x000000001fbb5800 JavaThread "jar transforms Thread 63" [_thread_blocked, id=5044, stack(0x0000000028900000,0x0000000028a00000)]
  0x000000001fbb1000 JavaThread "jar transforms Thread 62" [_thread_blocked, id=12676, stack(0x0000000028800000,0x0000000028900000)]
  0x000000001fba9000 JavaThread "jar transforms Thread 61" [_thread_blocked, id=9752, stack(0x0000000028700000,0x0000000028800000)]
  0x000000001fbab000 JavaThread "jar transforms Thread 60" [_thread_blocked, id=8392, stack(0x0000000028600000,0x0000000028700000)]
  0x000000001fbaa800 JavaThread "jar transforms Thread 59" [_thread_blocked, id=3412, stack(0x0000000028500000,0x0000000028600000)]
  0x000000001fbac000 JavaThread "jar transforms Thread 58" [_thread_blocked, id=6420, stack(0x0000000028400000,0x0000000028500000)]
  0x000000001fba9800 JavaThread "jar transforms Thread 57" [_thread_blocked, id=14144, stack(0x0000000028300000,0x0000000028400000)]
  0x000000001fbaf800 JavaThread "jar transforms Thread 56" [_thread_blocked, id=11912, stack(0x0000000028200000,0x0000000028300000)]
  0x000000001fbae000 JavaThread "jar transforms Thread 55" [_thread_blocked, id=6324, stack(0x0000000028100000,0x0000000028200000)]
  0x000000001fba8000 JavaThread "jar transforms Thread 54" [_thread_blocked, id=5936, stack(0x0000000028000000,0x0000000028100000)]
  0x000000001fbad800 JavaThread "jar transforms Thread 53" [_thread_blocked, id=13180, stack(0x0000000027f00000,0x0000000028000000)]
  0x000000001fbac800 JavaThread "jar transforms Thread 52" [_thread_blocked, id=9496, stack(0x0000000027e00000,0x0000000027f00000)]
  0x000000001fbaf000 JavaThread "jar transforms Thread 51" [_thread_blocked, id=1760, stack(0x0000000027d00000,0x0000000027e00000)]
  0x000000001d1ad800 JavaThread "jar transforms Thread 50" [_thread_blocked, id=6244, stack(0x0000000027c00000,0x0000000027d00000)]
  0x000000001d1b2000 JavaThread "jar transforms Thread 49" [_thread_blocked, id=1644, stack(0x0000000027b00000,0x0000000027c00000)]
  0x000000001d1ac800 JavaThread "jar transforms Thread 48" [_thread_blocked, id=5952, stack(0x0000000027a00000,0x0000000027b00000)]
  0x000000001d1b1000 JavaThread "jar transforms Thread 47" [_thread_blocked, id=2876, stack(0x0000000027900000,0x0000000027a00000)]
  0x000000001d1b0800 JavaThread "jar transforms Thread 46" [_thread_blocked, id=6180, stack(0x0000000027800000,0x0000000027900000)]
  0x000000001d1ae000 JavaThread "jar transforms Thread 45" [_thread_blocked, id=11448, stack(0x0000000027700000,0x0000000027800000)]
  0x000000001d1af800 JavaThread "jar transforms Thread 44" [_thread_blocked, id=7328, stack(0x0000000027600000,0x0000000027700000)]
  0x000000001d1af000 JavaThread "jar transforms Thread 43" [_thread_blocked, id=12316, stack(0x0000000027500000,0x0000000027600000)]
  0x000000001d1a9000 JavaThread "jar transforms Thread 42" [_thread_blocked, id=1456, stack(0x0000000027400000,0x0000000027500000)]
  0x000000001d1a8000 JavaThread "jar transforms Thread 41" [_thread_blocked, id=7436, stack(0x0000000027300000,0x0000000027400000)]
  0x000000001d1a5000 JavaThread "jar transforms Thread 40" [_thread_blocked, id=1848, stack(0x0000000027200000,0x0000000027300000)]
  0x000000001d1a6000 JavaThread "jar transforms Thread 39" [_thread_blocked, id=12300, stack(0x0000000027100000,0x0000000027200000)]
  0x000000001d1ac000 JavaThread "jar transforms Thread 38" [_thread_blocked, id=9932, stack(0x0000000027000000,0x0000000027100000)]
  0x000000001d1a4800 JavaThread "jar transforms Thread 37" [_thread_blocked, id=1580, stack(0x0000000026f00000,0x0000000027000000)]
  0x000000001d1a6800 JavaThread "jar transforms Thread 36" [_thread_blocked, id=5912, stack(0x0000000026e00000,0x0000000026f00000)]
  0x000000001d1ab000 JavaThread "jar transforms Thread 35" [_thread_blocked, id=11924, stack(0x0000000026d00000,0x0000000026e00000)]
  0x000000001d1a3800 JavaThread "jar transforms Thread 34" [_thread_blocked, id=7628, stack(0x0000000026c00000,0x0000000026d00000)]
  0x000000001d1a7800 JavaThread "jar transforms Thread 33" [_thread_blocked, id=13644, stack(0x0000000026b00000,0x0000000026c00000)]
  0x000000001d1aa800 JavaThread "jar transforms Thread 32" [_thread_blocked, id=12096, stack(0x0000000026a00000,0x0000000026b00000)]
  0x000000001d1a9800 JavaThread "jar transforms Thread 31" [_thread_blocked, id=10200, stack(0x0000000026900000,0x0000000026a00000)]
  0x000000001d1a3000 JavaThread "jar transforms Thread 30" [_thread_blocked, id=10004, stack(0x0000000026800000,0x0000000026900000)]
  0x000000002054a800 JavaThread "jar transforms Thread 29" [_thread_blocked, id=6900, stack(0x0000000026700000,0x0000000026800000)]
  0x000000002054a000 JavaThread "jar transforms Thread 28" [_thread_blocked, id=12508, stack(0x0000000026600000,0x0000000026700000)]
  0x000000002054b800 JavaThread "jar transforms Thread 27" [_thread_blocked, id=10120, stack(0x0000000026500000,0x0000000026600000)]
  0x0000000020548800 JavaThread "jar transforms Thread 26" [_thread_blocked, id=10172, stack(0x0000000026400000,0x0000000026500000)]
  0x0000000020547800 JavaThread "jar transforms Thread 25" [_thread_blocked, id=4648, stack(0x0000000026300000,0x0000000026400000)]
  0x0000000020547000 JavaThread "jar transforms Thread 24" [_thread_blocked, id=11108, stack(0x0000000026200000,0x0000000026300000)]
  0x0000000020549000 JavaThread "jar transforms Thread 23" [_thread_blocked, id=12884, stack(0x0000000025e50000,0x0000000025f50000)]
  0x000000002053f000 JavaThread "jar transforms Thread 22" [_thread_blocked, id=3560, stack(0x0000000025d50000,0x0000000025e50000)]
  0x0000000020546000 JavaThread "jar transforms Thread 21" [_thread_blocked, id=5436, stack(0x0000000025c50000,0x0000000025d50000)]
  0x0000000020545000 JavaThread "Build operations Thread 8" [_thread_blocked, id=4920, stack(0x0000000025b50000,0x0000000025c50000)]
  0x0000000020544800 JavaThread "Build operations Thread 7" [_thread_blocked, id=10440, stack(0x0000000025a50000,0x0000000025b50000)]
  0x000000002053d000 JavaThread "Build operations Thread 6" [_thread_blocked, id=12440, stack(0x0000000025950000,0x0000000025a50000)]
  0x0000000020543800 JavaThread "Build operations Thread 5" [_thread_blocked, id=5760, stack(0x0000000025850000,0x0000000025950000)]
  0x0000000020543000 JavaThread "Build operations Thread 4" [_thread_blocked, id=10528, stack(0x0000000025750000,0x0000000025850000)]
  0x000000002053e800 JavaThread "Build operations Thread 3" [_thread_blocked, id=8956, stack(0x0000000025650000,0x0000000025750000)]
  0x000000002053c000 JavaThread "Build operations Thread 2" [_thread_in_Java, id=9860, stack(0x0000000025550000,0x0000000025650000)]
  0x0000000020542000 JavaThread "Build operations" [_thread_blocked, id=10544, stack(0x0000000025450000,0x0000000025550000)]
  0x0000000020540800 JavaThread "Cache worker for Build Output Cleanup Cache (C:\Project\Mine\GalleryAdapterDemo\.gradle\buildOutputCleanup)" [_thread_blocked, id=12128, stack(0x0000000025150000,0x0000000025250000)]
  0x000000002053d800 JavaThread "Cache worker for file content cache (C:\Users\SOLARVN\.gradle\caches\6.7.1\fileContent)" [_thread_blocked, id=3716, stack(0x00000000239d0000,0x0000000023ad0000)]
  0x000000001ce9d800 JavaThread "Cache worker for execution history cache (C:\Users\SOLARVN\.gradle\caches\6.7.1\executionHistory)" [_thread_blocked, id=13828, stack(0x00000000230d0000,0x00000000231d0000)]
  0x000000001ce96800 JavaThread "Cache worker for cache directory md-rule (C:\Users\SOLARVN\.gradle\caches\6.7.1\md-rule)" [_thread_blocked, id=2880, stack(0x0000000022dd0000,0x0000000022ed0000)]
  0x000000001ce9c800 JavaThread "Cache worker for cache directory md-supplier (C:\Users\SOLARVN\.gradle\caches\6.7.1\md-supplier)" [_thread_blocked, id=5656, stack(0x0000000022cd0000,0x0000000022dd0000)]
  0x000000001ce9c000 JavaThread "Cache worker for checksums cache (C:\Project\Mine\GalleryAdapterDemo\.gradle\checksums)" [_thread_blocked, id=8128, stack(0x0000000022bd0000,0x0000000022cd0000)]
  0x000000001ce9b000 JavaThread "jar transforms Thread 20" [_thread_blocked, id=6632, stack(0x00000000228d0000,0x00000000229d0000)]
  0x000000001ce95000 JavaThread "jar transforms Thread 19" [_thread_blocked, id=12460, stack(0x00000000227d0000,0x00000000228d0000)]
  0x000000001ce96000 JavaThread "jar transforms Thread 18" [_thread_blocked, id=4844, stack(0x00000000226d0000,0x00000000227d0000)]
  0x000000001ce99800 JavaThread "jar transforms Thread 17" [_thread_blocked, id=14192, stack(0x00000000225d0000,0x00000000226d0000)]
  0x000000001ce99000 JavaThread "jar transforms Thread 16" [_thread_blocked, id=14084, stack(0x00000000224d0000,0x00000000225d0000)]
  0x000000001ce98000 JavaThread "jar transforms Thread 15" [_thread_blocked, id=9836, stack(0x00000000223d0000,0x00000000224d0000)]
  0x000000001ce93800 JavaThread "jar transforms Thread 14" [_thread_blocked, id=13620, stack(0x00000000221d0000,0x00000000222d0000)]
  0x000000001ce9a800 JavaThread "jar transforms Thread 13" [_thread_blocked, id=2292, stack(0x00000000220d0000,0x00000000221d0000)]
  0x000000001ce97800 JavaThread "jar transforms Thread 12" [_thread_blocked, id=14028, stack(0x0000000021fd0000,0x00000000220d0000)]
  0x000000001ce93000 JavaThread "jar transforms Thread 11" [_thread_blocked, id=5204, stack(0x0000000021ed0000,0x0000000021fd0000)]
  0x000000001ce90800 JavaThread "jar transforms Thread 10" [_thread_blocked, id=12084, stack(0x0000000021dd0000,0x0000000021ed0000)]
  0x000000001ce92000 JavaThread "jar transforms Thread 9" [_thread_blocked, id=9156, stack(0x0000000021cd0000,0x0000000021dd0000)]
  0x000000001ce91800 JavaThread "jar transforms Thread 8" [_thread_blocked, id=8496, stack(0x0000000021bd0000,0x0000000021cd0000)]
  0x000000001ce94800 JavaThread "jar transforms Thread 7" [_thread_blocked, id=10036, stack(0x0000000021ad0000,0x0000000021bd0000)]
  0x000000001b391000 JavaThread "jar transforms Thread 6" [_thread_blocked, id=6912, stack(0x00000000219d0000,0x0000000021ad0000)]
  0x000000001b390000 JavaThread "jar transforms Thread 5" [_thread_blocked, id=5400, stack(0x00000000218d0000,0x00000000219d0000)]
  0x000000001b38e800 JavaThread "jar transforms Thread 4" [_thread_blocked, id=220, stack(0x00000000217d0000,0x00000000218d0000)]
  0x000000001b395800 JavaThread "jar transforms Thread 3" [_thread_blocked, id=12480, stack(0x00000000216d0000,0x00000000217d0000)]
  0x000000001b391800 JavaThread "jar transforms Thread 2" [_thread_blocked, id=9084, stack(0x00000000215d0000,0x00000000216d0000)]
  0x000000001b394800 JavaThread "jar transforms" [_thread_blocked, id=864, stack(0x00000000214d0000,0x00000000215d0000)]
  0x000000001b394000 JavaThread "Cache worker for file hash cache (C:\Project\Mine\GalleryAdapterDemo\.gradle\6.7.1\fileHashes)" [_thread_blocked, id=1496, stack(0x00000000213d0000,0x00000000214d0000)]
  0x000000001b38f800 JavaThread "Cache worker for journal cache (C:\Users\SOLARVN\.gradle\caches\journal-1)" [_thread_blocked, id=7908, stack(0x000000001ef30000,0x000000001f030000)]
  0x000000001b393000 JavaThread "File lock request listener" [_thread_in_native, id=10860, stack(0x000000001ee30000,0x000000001ef30000)]
  0x000000001b392800 JavaThread "Cache worker for file hash cache (C:\Users\SOLARVN\.gradle\caches\6.7.1\fileHashes)" [_thread_blocked, id=10352, stack(0x000000001ed30000,0x000000001ee30000)]
  0x000000001cec3000 JavaThread "Thread-9" [_thread_blocked, id=7920, stack(0x000000001ea30000,0x000000001eb30000)]
  0x000000001cda6800 JavaThread "Stdin handler" [_thread_blocked, id=4700, stack(0x000000001e930000,0x000000001ea30000)]
  0x000000001cda3800 JavaThread "Asynchronous log dispatcher for DefaultDaemonConnection: socket connection from /127.0.0.1:55635 to /127.0.0.1:55636" [_thread_blocked, id=9552, stack(0x000000001e830000,0x000000001e930000)]
  0x000000001cf0a800 JavaThread "Daemon worker" [_thread_blocked, id=148, stack(0x000000001e730000,0x000000001e830000)]
  0x000000001cf0a000 JavaThread "Cancel handler" [_thread_blocked, id=13404, stack(0x000000001e630000,0x000000001e730000)]
  0x000000001cd83800 JavaThread "Handler for socket connection from /127.0.0.1:55635 to /127.0.0.1:55636" [_thread_in_native, id=12728, stack(0x000000001e530000,0x000000001e630000)]
  0x000000001cd84800 JavaThread "Daemon" [_thread_blocked, id=14240, stack(0x000000001e230000,0x000000001e330000)]
  0x000000001cd76800 JavaThread "Daemon periodic checks" [_thread_blocked, id=9956, stack(0x000000001e130000,0x000000001e230000)]
  0x000000001cd29000 JavaThread "Incoming local TCP Connector on port 55635" [_thread_in_native, id=6844, stack(0x000000001def0000,0x000000001dff0000)]
  0x000000001ccce000 JavaThread "Daemon health stats" [_thread_blocked, id=2288, stack(0x000000001d6b0000,0x000000001d7b0000)]
  0x000000001a0b9800 JavaThread "Service Thread" daemon [_thread_blocked, id=11012, stack(0x000000001ad10000,0x000000001ae10000)]
  0x000000001a05b000 JavaThread "C1 CompilerThread3" daemon [_thread_blocked, id=8272, stack(0x000000001ac10000,0x000000001ad10000)]
  0x000000001a052800 JavaThread "C2 CompilerThread2" daemon [_thread_in_native, id=7100, stack(0x000000001ab10000,0x000000001ac10000)]
=>0x000000001a047000 JavaThread "C2 CompilerThread1" daemon [_thread_in_native, id=7068, stack(0x000000001aa10000,0x000000001ab10000)]
  0x000000001a042800 JavaThread "C2 CompilerThread0" daemon [_thread_in_native, id=316, stack(0x000000001a910000,0x000000001aa10000)]
  0x000000001a041000 JavaThread "Attach Listener" daemon [_thread_blocked, id=5816, stack(0x000000001a810000,0x000000001a910000)]
  0x000000001a040000 JavaThread "Signal Dispatcher" daemon [_thread_blocked, id=5916, stack(0x000000001a710000,0x000000001a810000)]
  0x000000001a030800 JavaThread "Finalizer" daemon [_thread_blocked, id=8104, stack(0x000000001a510000,0x000000001a610000)]
  0x00000000031b8000 JavaThread "Reference Handler" daemon [_thread_blocked, id=5904, stack(0x000000001a410000,0x000000001a510000)]
  0x00000000030be000 JavaThread "main" [_thread_blocked, id=4896, stack(0x0000000002fa0000,0x00000000030a0000)]

Other Threads:
  0x0000000018226000 VMThread [stack: 0x0000000019f10000,0x000000001a010000] [id=5684]
  0x000000001a0ba000 WatcherThread [stack: 0x000000001ae10000,0x000000001af10000] [id=1944]

VM state:not at safepoint (normal execution)

VM Mutex/Monitor currently owned by a thread: None

heap address: 0x0000000080000000, size: 2048 MB, Compressed Oops mode: 32-bit
Narrow klass base: 0x0000000000000000, Narrow klass shift: 3
Compressed class space size: 1073741824 Address: 0x0000000100000000

Heap:
 PSYoungGen      total 655872K, used 306141K [0x00000000d5580000, 0x0000000100000000, 0x0000000100000000)
  eden space 621056K, 44% used [0x00000000d5580000,0x00000000e62b7758,0x00000000fb400000)
  from space 34816K, 87% used [0x00000000fde00000,0x00000000ffbbfd80,0x0000000100000000)
  to   space 38912K, 0% used [0x00000000fb400000,0x00000000fb400000,0x00000000fda00000)
 ParOldGen       total 169984K, used 53142K [0x0000000080000000, 0x000000008a600000, 0x00000000d5580000)
  object space 169984K, 31% used [0x0000000080000000,0x00000000833e5940,0x000000008a600000)
 Metaspace       used 83148K, capacity 87664K, committed 87808K, reserved 1124352K
  class space    used 11096K, capacity 12006K, committed 12032K, reserved 1048576K

Card table byte_map: [0x0000000012580000,0x0000000012990000] byte_map_base: 0x0000000012180000

Marking Bits: (ParMarkBitMap*) 0x0000000052e4f030
 Begin Bits: [0x0000000013440000, 0x0000000015440000)
 End Bits:   [0x0000000015440000, 0x0000000017440000)

Polling page: 0x0000000001250000

CodeCache: size=245760Kb used=33668Kb max_used=33668Kb free=212091Kb
 bounds [0x00000000031c0000, 0x00000000052d0000, 0x00000000121c0000]
 total_blobs=10691 nmethods=9821 adapters=783
 compilation: enabled

Compilation events (10 events):
Event: 32.958 Thread 0x000000001a052800 nmethod 11567 0x00000000052939d0 code [0x0000000005293b60, 0x00000000052940d8]
Event: 32.958 Thread 0x000000001a052800 11540       4       org.gradle.api.internal.changedetection.state.RuntimeClasspathResourceHasher::hash (23 bytes)
Event: 32.969 Thread 0x000000001a05b000 11611       2       org.objectweb.asm.ByteVector::putLong (145 bytes)
Event: 32.969 Thread 0x000000001a05b000 nmethod 11611 0x0000000005295410 code [0x0000000005295580, 0x0000000005295868]
Event: 32.991 Thread 0x000000001a052800 nmethod 11540 0x00000000052bb510 code [0x00000000052bb7c0, 0x00000000052bc930]
Event: 32.991 Thread 0x000000001a052800 11604       4       org.objectweb.asm.commons.MethodRemapper::visitAnnotation (39 bytes)
Event: 32.992 Thread 0x000000001a05b000 11612       3       com.android.tools.build.jetifier.processor.AndroidXRefScanner$AndroidXTrackingRemapper::map (51 bytes)
Event: 32.993 Thread 0x000000001a05b000 nmethod 11612 0x0000000005294b50 code [0x0000000005294d00, 0x0000000005295218]
Event: 32.996 Thread 0x000000001a05b000 11613       3       org.objectweb.asm.ClassReader::readElementValue (1237 bytes)
Event: 33.001 Thread 0x000000001a05b000 nmethod 11613 0x00000000052be690 code [0x00000000052bee20, 0x00000000052c3918]

GC Heap History (10 events):
Event: 23.708 GC heap before
{Heap before GC invocations=15 (full 2):
 PSYoungGen      total 401408K, used 400928K [0x00000000d5580000, 0x00000000ef480000, 0x0000000100000000)
  eden space 390656K, 100% used [0x00000000d5580000,0x00000000ed300000,0x00000000ed300000)
  from space 10752K, 95% used [0x00000000eea00000,0x00000000ef408030,0x00000000ef480000)
  to   space 16384K, 0% used [0x00000000ed480000,0x00000000ed480000,0x00000000ee480000)
 ParOldGen       total 145408K, used 13585K [0x0000000080000000, 0x0000000088e00000, 0x00000000d5580000)
  object space 145408K, 9% used [0x0000000080000000,0x0000000080d44598,0x0000000088e00000)
 Metaspace       used 56626K, capacity 59096K, committed 59136K, reserved 1099776K
  class space    used 7396K, capacity 7916K, committed 7936K, reserved 1048576K
Event: 23.734 GC heap after
Heap after GC invocations=15 (full 2):
 PSYoungGen      total 408576K, used 16380K [0x00000000d5580000, 0x00000000f3c00000, 0x0000000100000000)
  eden space 392192K, 0% used [0x00000000d5580000,0x00000000d5580000,0x00000000ed480000)
  from space 16384K, 99% used [0x00000000ed480000,0x00000000ee47f330,0x00000000ee480000)
  to   space 22016K, 0% used [0x00000000f2680000,0x00000000f2680000,0x00000000f3c00000)
 ParOldGen       total 145408K, used 23387K [0x0000000080000000, 0x0000000088e00000, 0x00000000d5580000)
  object space 145408K, 16% used [0x0000000080000000,0x00000000816d6e50,0x0000000088e00000)
 Metaspace       used 56626K, capacity 59096K, committed 59136K, reserved 1099776K
  class space    used 7396K, capacity 7916K, committed 7936K, reserved 1048576K
}
Event: 23.741 GC heap before
{Heap before GC invocations=16 (full 2):
 PSYoungGen      total 408576K, used 23733K [0x00000000d5580000, 0x00000000f3c00000, 0x0000000100000000)
  eden space 392192K, 1% used [0x00000000d5580000,0x00000000d5cae140,0x00000000ed480000)
  from space 16384K, 99% used [0x00000000ed480000,0x00000000ee47f330,0x00000000ee480000)
  to   space 22016K, 0% used [0x00000000f2680000,0x00000000f2680000,0x00000000f3c00000)
 ParOldGen       total 145408K, used 23387K [0x0000000080000000, 0x0000000088e00000, 0x00000000d5580000)
  object space 145408K, 16% used [0x0000000080000000,0x00000000816d6e50,0x0000000088e00000)
 Metaspace       used 56645K, capacity 59096K, committed 59136K, reserved 1099776K
  class space    used 7401K, capacity 7916K, committed 7936K, reserved 1048576K
Event: 23.757 GC heap after
Heap after GC invocations=16 (full 2):
 PSYoungGen      total 475136K, used 16396K [0x00000000d5580000, 0x00000000fd300000, 0x0000000100000000)
  eden space 453120K, 0% used [0x00000000d5580000,0x00000000d5580000,0x00000000f1000000)
  from space 22016K, 74% used [0x00000000f2680000,0x00000000f3683320,0x00000000f3c00000)
  to   space 23040K, 0% used [0x00000000f1000000,0x00000000f1000000,0x00000000f2680000)
 ParOldGen       total 145408K, used 23395K [0x0000000080000000, 0x0000000088e00000, 0x00000000d5580000)
  object space 145408K, 16% used [0x0000000080000000,0x00000000816d8e50,0x0000000088e00000)
 Metaspace       used 56645K, capacity 59096K, committed 59136K, reserved 1099776K
  class space    used 7401K, capacity 7916K, committed 7936K, reserved 1048576K
}
Event: 23.757 GC heap before
{Heap before GC invocations=17 (full 3):
 PSYoungGen      total 475136K, used 16396K [0x00000000d5580000, 0x00000000fd300000, 0x0000000100000000)
  eden space 453120K, 0% used [0x00000000d5580000,0x00000000d5580000,0x00000000f1000000)
  from space 22016K, 74% used [0x00000000f2680000,0x00000000f3683320,0x00000000f3c00000)
  to   space 23040K, 0% used [0x00000000f1000000,0x00000000f1000000,0x00000000f2680000)
 ParOldGen       total 145408K, used 23395K [0x0000000080000000, 0x0000000088e00000, 0x00000000d5580000)
  object space 145408K, 16% used [0x0000000080000000,0x00000000816d8e50,0x0000000088e00000)
 Metaspace       used 56645K, capacity 59096K, committed 59136K, reserved 1099776K
  class space    used 7401K, capacity 7916K, committed 7936K, reserved 1048576K
Event: 23.950 GC heap after
Heap after GC invocations=17 (full 3):
 PSYoungGen      total 475136K, used 0K [0x00000000d5580000, 0x00000000fd300000, 0x0000000100000000)
  eden space 453120K, 0% used [0x00000000d5580000,0x00000000d5580000,0x00000000f1000000)
  from space 22016K, 0% used [0x00000000f2680000,0x00000000f2680000,0x00000000f3c00000)
  to   space 23040K, 0% used [0x00000000f1000000,0x00000000f1000000,0x00000000f2680000)
 ParOldGen       total 169984K, used 29886K [0x0000000080000000, 0x000000008a600000, 0x00000000d5580000)
  object space 169984K, 17% used [0x0000000080000000,0x0000000081d2fba8,0x000000008a600000)
 Metaspace       used 56511K, capacity 58806K, committed 59136K, reserved 1099776K
  class space    used 7364K, capacity 7844K, committed 7936K, reserved 1048576K
}
Event: 31.161 GC heap before
{Heap before GC invocations=18 (full 3):
 PSYoungGen      total 475136K, used 453120K [0x00000000d5580000, 0x00000000fd300000, 0x0000000100000000)
  eden space 453120K, 100% used [0x00000000d5580000,0x00000000f1000000,0x00000000f1000000)
  from space 22016K, 0% used [0x00000000f2680000,0x00000000f2680000,0x00000000f3c00000)
  to   space 23040K, 0% used [0x00000000f1000000,0x00000000f1000000,0x00000000f2680000)
 ParOldGen       total 169984K, used 29886K [0x0000000080000000, 0x000000008a600000, 0x00000000d5580000)
  object space 169984K, 17% used [0x0000000080000000,0x0000000081d2fba8,0x000000008a600000)
 Metaspace       used 81703K, capacity 86144K, committed 86400K, reserved 1124352K
  class space    used 11010K, capacity 11902K, committed 11904K, reserved 1048576K
Event: 31.190 GC heap after
Heap after GC invocations=18 (full 3):
 PSYoungGen      total 476160K, used 23037K [0x00000000d5580000, 0x0000000100000000, 0x0000000100000000)
  eden space 453120K, 0% used [0x00000000d5580000,0x00000000d5580000,0x00000000f1000000)
  from space 23040K, 99% used [0x00000000f1000000,0x00000000f267f518,0x00000000f2680000)
  to   space 34816K, 0% used [0x00000000fde00000,0x00000000fde00000,0x0000000100000000)
 ParOldGen       total 169984K, used 53134K [0x0000000080000000, 0x000000008a600000, 0x00000000d5580000)
  object space 169984K, 31% used [0x0000000080000000,0x00000000833e3940,0x000000008a600000)
 Metaspace       used 81703K, capacity 86144K, committed 86400K, reserved 1124352K
  class space    used 11010K, capacity 11902K, committed 11904K, reserved 1048576K
}
Event: 32.252 GC heap before
{Heap before GC invocations=19 (full 3):
 PSYoungGen      total 476160K, used 476157K [0x00000000d5580000, 0x0000000100000000, 0x0000000100000000)
  eden space 453120K, 100% used [0x00000000d5580000,0x00000000f1000000,0x00000000f1000000)
  from space 23040K, 99% used [0x00000000f1000000,0x00000000f267f518,0x00000000f2680000)
  to   space 34816K, 0% used [0x00000000fde00000,0x00000000fde00000,0x0000000100000000)
 ParOldGen       total 169984K, used 53134K [0x0000000080000000, 0x000000008a600000, 0x00000000d5580000)
  object space 169984K, 31% used [0x0000000080000000,0x00000000833e3940,0x000000008a600000)
 Metaspace       used 82975K, capacity 87544K, committed 87808K, reserved 1124352K
  class space    used 11091K, capacity 11972K, committed 12032K, reserved 1048576K
Event: 32.284 GC heap after
Heap after GC invocations=19 (full 3):
 PSYoungGen      total 655872K, used 30463K [0x00000000d5580000, 0x0000000100000000, 0x0000000100000000)
  eden space 621056K, 0% used [0x00000000d5580000,0x00000000d5580000,0x00000000fb400000)
  from space 34816K, 87% used [0x00000000fde00000,0x00000000ffbbfd80,0x0000000100000000)
  to   space 38912K, 0% used [0x00000000fb400000,0x00000000fb400000,0x00000000fda00000)
 ParOldGen       total 169984K, used 53142K [0x0000000080000000, 0x000000008a600000, 0x00000000d5580000)
  object space 169984K, 31% used [0x0000000080000000,0x00000000833e5940,0x000000008a600000)
 Metaspace       used 82975K, capacity 87544K, committed 87808K, reserved 1124352K
  class space    used 11091K, capacity 11972K, committed 12032K, reserved 1048576K
}

Deoptimization events (10 events):
Event: 32.772 Thread 0x000000002053d000 Uncommon trap: reason=unstable_if action=reinterpret pc=0x00000000040bc10c method=com.android.tools.build.jetifier.core.type.JavaType.equals(Ljava/lang/Object;)Z @ 2
Event: 32.772 Thread 0x000000002053d000 Uncommon trap: reason=unstable_if action=reinterpret pc=0x00000000046b1028 method=com.android.tools.build.jetifier.core.type.JavaType.equals(Ljava/lang/Object;)Z @ 2
Event: 32.772 Thread 0x000000002053d000 Uncommon trap: reason=unstable_if action=reinterpret pc=0x00000000034e18f8 method=com.android.tools.build.jetifier.processor.transform.bytecode.CoreRemapperImpl.rewriteType(Lcom/android/tools/build/jetifier/core/type/JavaType;)Lcom/android/tools/build/jet
Event: 32.773 Thread 0x000000002053d000 Uncommon trap: reason=unstable_if action=reinterpret pc=0x00000000051fa9bc method=org.objectweb.asm.FieldWriter.computeFieldInfoSize()I @ 86
Event: 32.774 Thread 0x000000002053d000 Uncommon trap: reason=unstable_if action=reinterpret pc=0x00000000051fc9e4 method=org.objectweb.asm.FieldWriter.putFieldInfo(Lorg/objectweb/asm/ByteVector;)V @ 105
Event: 32.775 Thread 0x000000002053d000 Uncommon trap: reason=unstable_if action=reinterpret pc=0x0000000003728718 method=com.android.tools.build.jetifier.core.type.JavaType.equals(Ljava/lang/Object;)Z @ 2
Event: 32.780 Thread 0x000000002053d000 Uncommon trap: reason=bimorphic action=maybe_recompile pc=0x0000000004ded62c method=java.util.regex.Pattern$SliceI.match(Ljava/util/regex/Matcher;ILjava/lang/CharSequence;)Z @ 92
Event: 32.783 Thread 0x000000002053d000 Uncommon trap: reason=unstable_if action=reinterpret pc=0x0000000004532054 method=java.nio.file.attribute.FileTime.to(Ljava/util/concurrent/TimeUnit;)J @ 11
Event: 32.783 Thread 0x000000002053d000 Uncommon trap: reason=unstable_if action=reinterpret pc=0x000000000524be30 method=java.util.zip.ZipUtils.javaToDosTime(J)J @ 22
Event: 32.832 Thread 0x000000002053d000 Uncommon trap: reason=unstable_if action=reinterpret pc=0x00000000047870b0 method=java.util.concurrent.locks.ReentrantLock$Sync.nonfairTryAcquire(I)Z @ 19

Classes redefined (0 events):
No events

Internal exceptions (10 events):
Event: 32.781 Thread 0x000000002053d000 Exception <a 'sun/nio/fs/WindowsException'> (0x00000000ddc0c070) thrown at [C:\src\AOSP-openjdk-git\hotspot\src\share\vm\prims\jni.cpp, line 710]
Event: 32.781 Thread 0x000000002053d000 Exception <a 'sun/nio/fs/WindowsException'> (0x00000000ddc0dac8) thrown at [C:\src\AOSP-openjdk-git\hotspot\src\share\vm\prims\jni.cpp, line 710]
Event: 32.781 Thread 0x000000002053d000 Exception <a 'sun/nio/fs/WindowsException'> (0x00000000ddc0e468) thrown at [C:\src\AOSP-openjdk-git\hotspot\src\share\vm\prims\jni.cpp, line 710]
Event: 32.783 Thread 0x000000002053d000 Implicit null exception at 0x0000000004531f94 to 0x000000000453203d
Event: 32.786 Thread 0x0000000020545000 Exception <a 'sun/nio/fs/WindowsException'> (0x00000000dde9c610) thrown at [C:\src\AOSP-openjdk-git\hotspot\src\share\vm\prims\jni.cpp, line 710]
Event: 32.797 Thread 0x0000000020542000 Exception <a 'sun/nio/fs/WindowsException'> (0x00000000dd156a70) thrown at [C:\src\AOSP-openjdk-git\hotspot\src\share\vm\prims\jni.cpp, line 710]
Event: 32.822 Thread 0x0000000020545000 Exception <a 'sun/nio/fs/WindowsException'> (0x00000000ddec15d0) thrown at [C:\src\AOSP-openjdk-git\hotspot\src\share\vm\prims\jni.cpp, line 710]
Event: 32.822 Thread 0x0000000020543800 Exception <a 'sun/nio/fs/WindowsException'> (0x00000000df1c31d0) thrown at [C:\src\AOSP-openjdk-git\hotspot\src\share\vm\prims\jni.cpp, line 710]
Event: 32.824 Thread 0x000000001cf0a800 Exception <a 'sun/nio/fs/WindowsException'> (0x00000000de2843f8) thrown at [C:\src\AOSP-openjdk-git\hotspot\src\share\vm\prims\jni.cpp, line 710]
Event: 32.826 Thread 0x0000000020543000 Exception <a 'sun/nio/fs/WindowsException'> (0x00000000df281c68) thrown at [C:\src\AOSP-openjdk-git\hotspot\src\share\vm\prims\jni.cpp, line 710]

Events (10 events):
Event: 32.780 loading class java/nio/file/AccessMode done
Event: 32.783 Thread 0x000000002053d000 Uncommon trap: trap_request=0xffffff65 fr.pc=0x0000000004532054
Event: 32.783 Thread 0x000000002053d000 DEOPT PACKING pc=0x0000000004532054 sp=0x0000000025a4bb40
Event: 32.783 Thread 0x000000002053d000 DEOPT UNPACKING pc=0x000000000320557b sp=0x0000000025a4bab8 mode 2
Event: 32.783 Thread 0x000000002053d000 Uncommon trap: trap_request=0xffffff65 fr.pc=0x000000000524be30
Event: 32.783 Thread 0x000000002053d000 DEOPT PACKING pc=0x000000000524be30 sp=0x0000000025a4baa0
Event: 32.783 Thread 0x000000002053d000 DEOPT UNPACKING pc=0x000000000320557b sp=0x0000000025a4ba60 mode 2
Event: 32.832 Thread 0x000000002053d000 Uncommon trap: trap_request=0xffffff65 fr.pc=0x00000000047870b0
Event: 32.832 Thread 0x000000002053d000 DEOPT PACKING pc=0x00000000047870b0 sp=0x0000000025a4ef00
Event: 32.832 Thread 0x000000002053d000 DEOPT UNPACKING pc=0x000000000320557b sp=0x0000000025a4ee20 mode 2


Dynamic libraries:
0x00007ff617c60000 - 0x00007ff617c91000 	C:\Program Files\Android\Android Studio\jre\bin\java.exe
0x00007ffcee860000 - 0x00007ffceea50000 	C:\WINDOWS\SYSTEM32\ntdll.dll
0x00007ffcecef0000 - 0x00007ffcecfa2000 	C:\WINDOWS\System32\KERNEL32.DLL
0x00007ffcec5c0000 - 0x00007ffcec865000 	C:\WINDOWS\System32\KERNELBASE.dll
0x00007ffce95c0000 - 0x00007ffce964f000 	C:\WINDOWS\SYSTEM32\apphelp.dll
0x00007ffcecfb0000 - 0x00007ffced053000 	C:\WINDOWS\System32\ADVAPI32.dll
0x00007ffced5c0000 - 0x00007ffced65e000 	C:\WINDOWS\System32\msvcrt.dll
0x00007ffcecbe0000 - 0x00007ffcecc77000 	C:\WINDOWS\System32\sechost.dll
0x00007ffcecd60000 - 0x00007ffcece80000 	C:\WINDOWS\System32\RPCRT4.dll
0x00007ffced0c0000 - 0x00007ffced254000 	C:\WINDOWS\System32\USER32.dll
0x00007ffcec530000 - 0x00007ffcec551000 	C:\WINDOWS\System32\win32u.dll
0x00007ffced7c0000 - 0x00007ffced7e6000 	C:\WINDOWS\System32\GDI32.dll
0x00007ffcec320000 - 0x00007ffcec4b6000 	C:\WINDOWS\System32\gdi32full.dll
0x00007ffcec870000 - 0x00007ffcec90e000 	C:\WINDOWS\System32\msvcp_win.dll
0x00007ffceb860000 - 0x00007ffceb95a000 	C:\WINDOWS\System32\ucrtbase.dll
0x00007ffcde230000 - 0x00007ffcde4b4000 	C:\WINDOWS\WinSxS\amd64_microsoft.windows.common-controls_6595b64144ccf1df_6.0.18362.1198_none_9e820b57e45ad92f\COMCTL32.dll
0x00007ffcee4e0000 - 0x00007ffcee815000 	C:\WINDOWS\System32\combase.dll
0x00007ffceb7e0000 - 0x00007ffceb860000 	C:\WINDOWS\System32\bcryptPrimitives.dll
0x00007ffcecbb0000 - 0x00007ffcecbde000 	C:\WINDOWS\System32\IMM32.DLL
0x0000000051b00000 - 0x0000000051bd2000 	C:\Program Files\Android\Android Studio\jre\jre\bin\msvcr100.dll
0x0000000052680000 - 0x0000000052ecb000 	C:\Program Files\Android\Android Studio\jre\jre\bin\server\jvm.dll
0x00007ffcecd50000 - 0x00007ffcecd58000 	C:\WINDOWS\System32\PSAPI.DLL
0x00007ffce7c00000 - 0x00007ffce7c09000 	C:\WINDOWS\SYSTEM32\WSOCK32.dll
0x00007ffcea1d0000 - 0x00007ffcea1da000 	C:\WINDOWS\SYSTEM32\VERSION.dll
0x00007ffce8ea0000 - 0x00007ffce8ec4000 	C:\WINDOWS\SYSTEM32\WINMM.dll
0x00007ffced2c0000 - 0x00007ffced32f000 	C:\WINDOWS\System32\WS2_32.dll
0x00007ffce8e70000 - 0x00007ffce8e9d000 	C:\WINDOWS\SYSTEM32\WINMMBASE.dll
0x00007ffcec4e0000 - 0x00007ffcec52a000 	C:\WINDOWS\System32\cfgmgr32.dll
0x00007ffcdefd0000 - 0x00007ffcdefdf000 	C:\Program Files\Android\Android Studio\jre\jre\bin\verify.dll
0x00007ffcdc240000 - 0x00007ffcdc269000 	C:\Program Files\Android\Android Studio\jre\jre\bin\java.dll
0x00007ffcdefb0000 - 0x00007ffcdefc6000 	C:\Program Files\Android\Android Studio\jre\jre\bin\zip.dll
0x00007ffcedc60000 - 0x00007ffcee347000 	C:\WINDOWS\System32\SHELL32.dll
0x00007ffcecca0000 - 0x00007ffcecd49000 	C:\WINDOWS\System32\shcore.dll
0x00007ffceb960000 - 0x00007ffcec0e1000 	C:\WINDOWS\System32\windows.storage.dll
0x00007ffceb740000 - 0x00007ffceb763000 	C:\WINDOWS\System32\profapi.dll
0x00007ffceb790000 - 0x00007ffceb7da000 	C:\WINDOWS\System32\powrprof.dll
0x00007ffceb710000 - 0x00007ffceb720000 	C:\WINDOWS\System32\UMPDC.dll
0x00007ffced260000 - 0x00007ffced2b2000 	C:\WINDOWS\System32\shlwapi.dll
0x00007ffceb720000 - 0x00007ffceb731000 	C:\WINDOWS\System32\kernel.appcore.dll
0x00007ffcec4c0000 - 0x00007ffcec4d7000 	C:\WINDOWS\System32\cryptsp.dll
0x00007ffcdd0a0000 - 0x00007ffcdd0ba000 	C:\Program Files\Android\Android Studio\jre\jre\bin\net.dll
0x00007ffceaf00000 - 0x00007ffceaf67000 	C:\WINDOWS\system32\mswsock.dll
0x00007ffcdc5b0000 - 0x00007ffcdc5c3000 	C:\Program Files\Android\Android Studio\jre\jre\bin\nio.dll
0x00007ffcd9780000 - 0x00007ffcd97a7000 	C:\Users\SOLARVN\.gradle\native\fdc75f09e3144964f2cf3f50f0aa648679c211496f362492102eb8c894070792\windows-amd64\native-platform.dll
0x00007ffcc9070000 - 0x00007ffcc9206000 	C:\Users\SOLARVN\.gradle\native\12488b8bf47d2d4c9fbf2f6322a914ad602e24e48041cd04a747c6da556b65c4\windows-amd64\native-platform-file-events.dll
0x00007ffcdc230000 - 0x00007ffcdc23d000 	C:\Program Files\Android\Android Studio\jre\jre\bin\management.dll
0x00007ffceaa70000 - 0x00007ffceaaa3000 	C:\WINDOWS\system32\rsaenh.dll
0x00007ffcec0f0000 - 0x00007ffcec116000 	C:\WINDOWS\System32\bcrypt.dll
0x00007ffceb630000 - 0x00007ffceb655000 	C:\WINDOWS\SYSTEM32\USERENV.dll
0x00007ffceb0d0000 - 0x00007ffceb0dc000 	C:\WINDOWS\SYSTEM32\CRYPTBASE.dll
0x00007ffceac10000 - 0x00007ffceac4a000 	C:\WINDOWS\SYSTEM32\IPHLPAPI.DLL
0x00007ffced7b0000 - 0x00007ffced7b8000 	C:\WINDOWS\System32\NSI.dll
0x00007ffce5940000 - 0x00007ffce5956000 	C:\WINDOWS\SYSTEM32\dhcpcsvc6.DLL
0x00007ffce5bf0000 - 0x00007ffce5c0c000 	C:\WINDOWS\SYSTEM32\dhcpcsvc.DLL
0x00007ffceac50000 - 0x00007ffcead1b000 	C:\WINDOWS\SYSTEM32\DNSAPI.dll
0x00007ffce5d00000 - 0x00007ffce5d0b000 	C:\WINDOWS\SYSTEM32\WINNSI.DLL
0x00007ffcd97b0000 - 0x00007ffcd97d4000 	C:\Program Files\Android\Android Studio\jre\jre\bin\sunec.dll
0x00007ffce4580000 - 0x00007ffce458a000 	C:\Windows\System32\rasadhlp.dll
0x00007ffce55f0000 - 0x00007ffce5667000 	C:\WINDOWS\System32\fwpuclnt.dll
0x00007ffcea270000 - 0x00007ffcea27b000 	C:\Program Files\Android\Android Studio\jre\jre\bin\sunmscapi.dll
0x00007ffcec120000 - 0x00007ffcec269000 	C:\WINDOWS\System32\CRYPT32.dll
0x00007ffceb770000 - 0x00007ffceb782000 	C:\WINDOWS\System32\MSASN1.dll
0x00007ffcea730000 - 0x00007ffcea761000 	C:\WINDOWS\SYSTEM32\ntmarta.dll

VM Arguments:
jvm_args: -Xmx2048m -Dfile.encoding=windows-1252 -Duser.country=US -Duser.language=en -Duser.variant 
java_command: org.gradle.launcher.daemon.bootstrap.GradleDaemon 6.7.1
java_class_path (initial): C:\Users\SOLARVN\.gradle\wrapper\dists\gradle-6.7.1-bin\bwlcbys1h7rz3272sye1xwiv6\gradle-6.7.1\lib\gradle-launcher-6.7.1.jar
Launcher Type: SUN_STANDARD

Environment Variables:
PATH=C:\Program Files (x86)\Common Files\Oracle\Java\javapath;C:\WINDOWS\system32;C:\WINDOWS;C:\WINDOWS\System32\Wbem;C:\WINDOWS\System32\WindowsPowerShell\v1.0\;C:\WINDOWS\System32\OpenSSH\;C:\Program Files\Git\cmd;C:\Program Files\ffmpeg\bin;C:\Program Files\Java\jdk-12.0.1\bin;C:\Program Files\nodejs\;C:\Phanmem\adb;C:\Program Files\dotnet\;C:\Users\SOLARVN\AppData\Local\Android\Sdk\ndk-bundle;C:\src\flutter\bin;C:\Users\SOLARVN\Desktop\jadx\jadx\bin;C:\Users\SOLARVN\AppData\Local\Microsoft\WindowsApps;C:\Users\SOLARVN\AppData\Roaming\npm;C:\Users\SOLARVN\AppData\Local\atom\bin;C:\Users\SOLARVN\AppData\Local\Programs\Microsoft VS Code\bin;C:\Users\SOLARVN\AppData\Local\Microsoft\WindowsApps
USERNAME=SOLARVN
OS=Windows_NT
PROCESSOR_IDENTIFIER=AMD64 Family 23 Model 17 Stepping 0, AuthenticAMD



---------------  S Y S T E M  ---------------

OS: Windows 10.0 , 64 bit Build 18362 (10.0.18362.1110)

CPU:total 8 (initial active 8) (8 cores per cpu, 1 threads per core) family 23 model 17 stepping 0, cmov, cx8, fxsr, mmx, sse, sse2, sse3, ssse3, sse4.1, sse4.2, popcnt, avx, avx2, aes, clmul, mmxext, 3dnowpref, lzcnt, sse4a, tsc, tscinvbit, tscinv, bmi1

Memory: 4k page, physical 15656076k(2949008k free), swap 15656076k(5140k free)

vm_info: OpenJDK 64-Bit Server VM (25.242-b01) for windows-amd64 JRE (1.8.0_242-release-1644-b01), built by "builder" with MS VC++ 10.0 (VS2010)

time: Wed Nov 18 10:38:22 2020
timezone: SE Asia Standard Time
elapsed time: 33 seconds (0d 0h 0m 33s)

