#
# There is insufficient memory for the Java Runtime Environment to continue.
# Native memory allocation (malloc) failed to allocate 1476176 bytes for Chunk::new
# Possible reasons:
#   The system is out of physical RAM or swap space
#   The process is running with CompressedOops enabled, and the Java Heap may be blocking the growth of the native heap
# Possible solutions:
#   Reduce memory load on the system
#   Increase physical memory or swap space
#   Check if swap backing store is full
#   Decrease Java heap size (-Xmx/-Xms)
#   Decrease number of Java threads
#   Decrease Java thread stack sizes (-Xss)
#   Set larger code cache with -XX:ReservedCodeCacheSize=
#   JVM is running with Unscaled Compressed Oops mode in which the Java heap is
#     placed in the first 4GB address space. The Java Heap base address is the
#     maximum limit for the native heap growth. Please use -XX:HeapBaseMinAddress
#     to set the Java Heap base and to place the Java Heap above 4GB virtual address.
# This output file may be truncated or incomplete.
#
#  Out of Memory Error (allocation.cpp:389), pid=13104, tid=0x00000000000035b0
#
# JRE version: OpenJDK Runtime Environment (8.0_242-b01) (build 1.8.0_242-release-1644-b01)
# Java VM: OpenJDK 64-Bit Server VM (25.242-b01 mixed mode windows-amd64 compressed oops)
# Failed to write core dump. Minidumps are not enabled by default on client versions of Windows
#

---------------  T H R E A D  ---------------

Current thread (0x0000000015afa000):  JavaThread "C2 CompilerThread1" daemon [_thread_in_native, id=13744, stack(0x00000000164c0000,0x00000000165c0000)]

Stack: [0x00000000164c0000,0x00000000165c0000]
[error occurred during error reporting (printing stack bounds), id 0xc0000005]

Native frames: (J=compiled Java code, j=interpreted, Vv=VM code, C=native code)


Current CompileTask:
C2:  63964 25287 %     4       com.android.tools.r8.ir.regalloc.a::a @ 2118 (3992 bytes)


---------------  P R O C E S S  ---------------

Java Threads: ( => current thread )
  0x000000002a321800 JavaThread "ForkJoinPool-3-worker-4" daemon [_thread_blocked, id=13796, stack(0x0000000030c10000,0x0000000030d10000)]
  0x000000002a313800 JavaThread "ForkJoinPool-3-worker-2" daemon [_thread_blocked, id=8464, stack(0x0000000030a10000,0x0000000030b10000)]
  0x000000002a318800 JavaThread "stdout" [_thread_in_native, id=9904, stack(0x0000000030910000,0x0000000030a10000)]
  0x000000002a31a000 JavaThread "stderr" [_thread_in_native, id=3880, stack(0x0000000030810000,0x0000000030910000)]
  0x000000002a316800 JavaThread "stdout" [_thread_in_native, id=13268, stack(0x0000000030710000,0x0000000030810000)]
  0x000000002a312000 JavaThread "stderr" [_thread_in_native, id=11960, stack(0x000000002fcd0000,0x000000002fdd0000)]
  0x000000002a314000 JavaThread "stdout" [_thread_in_native, id=7040, stack(0x00000000304e0000,0x00000000305e0000)]
  0x000000002a318000 JavaThread "stderr" [_thread_in_native, id=8852, stack(0x00000000303e0000,0x00000000304e0000)]
  0x000000002a312800 JavaThread "stdout" [_thread_in_native, id=5908, stack(0x00000000302e0000,0x00000000303e0000)]
  0x000000002a311000 JavaThread "stderr" [_thread_in_native, id=10440, stack(0x00000000301e0000,0x00000000302e0000)]
  0x000000002a315800 JavaThread "stdout" [_thread_in_native, id=1224, stack(0x00000000300e0000,0x00000000301e0000)]
  0x000000002a315000 JavaThread "stderr" [_thread_in_native, id=6616, stack(0x000000002ffe0000,0x00000000300e0000)]
  0x000000002a310800 JavaThread "stdout" [_thread_in_native, id=10316, stack(0x000000002fee0000,0x000000002ffe0000)]
  0x000000002a317000 JavaThread "stderr" [_thread_in_native, id=8764, stack(0x000000002fde0000,0x000000002fee0000)]
  0x000000002a30f800 JavaThread "stdout" [_thread_in_native, id=11504, stack(0x000000002fbd0000,0x000000002fcd0000)]
  0x000000002a308000 JavaThread "stderr" [_thread_in_native, id=11156, stack(0x000000002fad0000,0x000000002fbd0000)]
  0x000000002a30c800 JavaThread "stdout" [_thread_in_native, id=5184, stack(0x000000002f9d0000,0x000000002fad0000)]
  0x000000002a30c000 JavaThread "stderr" [_thread_in_native, id=11176, stack(0x000000002f8d0000,0x000000002f9d0000)]
  0x000000002a30b000 JavaThread "pool-5-thread-1" [_thread_blocked, id=12276, stack(0x000000002f7d0000,0x000000002f8d0000)]
  0x000000002a30a800 JavaThread "WorkerExecutor Queue Thread 8" [_thread_blocked, id=12380, stack(0x000000002f6d0000,0x000000002f7d0000)]
  0x000000002a309000 JavaThread "MarlinRenderer Disposer" daemon [_thread_blocked, id=4916, stack(0x000000002f3d0000,0x000000002f4d0000)]
  0x000000002a30d800 JavaThread "Java2D Disposer" daemon [_thread_blocked, id=2644, stack(0x000000002f2d0000,0x000000002f3d0000)]
  0x000000001c56a800 JavaThread "WorkerExecutor Queue Thread 7" [_thread_blocked, id=10892, stack(0x000000002f1d0000,0x000000002f2d0000)]
  0x000000001c56d800 JavaThread "WorkerExecutor Queue Thread 6" [_thread_blocked, id=3688, stack(0x000000002f0d0000,0x000000002f1d0000)]
  0x000000001c562000 JavaThread "WorkerExecutor Queue Thread 5" [_thread_blocked, id=800, stack(0x000000002eed0000,0x000000002efd0000)]
  0x0000000017d84800 JavaThread "WorkerExecutor Queue Thread 4" [_thread_blocked, id=14332, stack(0x000000002ebd0000,0x000000002ecd0000)]
  0x0000000017d83000 JavaThread "WorkerExecutor Queue Thread 3" [_thread_blocked, id=13784, stack(0x000000002ead0000,0x000000002ebd0000)]
  0x0000000017d82000 JavaThread "WorkerExecutor Queue Thread 2" [_thread_blocked, id=13296, stack(0x000000002e7d0000,0x000000002e8d0000)]
  0x0000000017d81800 JavaThread "WorkerExecutor Queue" [_thread_blocked, id=13724, stack(0x000000002e6d0000,0x000000002e7d0000)]
  0x0000000017d83800 JavaThread "Cache worker for execution history cache (C:\Project\Mine\GalleryAdapterDemo\.gradle\6.5\executionHistory)" [_thread_blocked, id=6748, stack(0x000000002e3d0000,0x000000002e4d0000)]
  0x0000000017d79000 JavaThread "Execution worker for ':' Thread 7" [_thread_blocked, id=8576, stack(0x000000002e2d0000,0x000000002e3d0000)]
  0x0000000017d7f000 JavaThread "Execution worker for ':' Thread 6" [_thread_blocked, id=11028, stack(0x000000002e1d0000,0x000000002e2d0000)]
  0x0000000017d7c800 JavaThread "Execution worker for ':' Thread 5" [_thread_blocked, id=4768, stack(0x000000002dc60000,0x000000002dd60000)]
  0x0000000017d7c000 JavaThread "Execution worker for ':' Thread 4" [_thread_blocked, id=10020, stack(0x000000002cb90000,0x000000002cc90000)]
  0x0000000017d7a800 JavaThread "Execution worker for ':' Thread 3" [_thread_blocked, id=13392, stack(0x000000002be60000,0x000000002bf60000)]
  0x0000000017d7b000 JavaThread "Execution worker for ':' Thread 2" [_thread_blocked, id=12268, stack(0x000000002b960000,0x000000002ba60000)]
  0x0000000017d7d800 JavaThread "Execution worker for ':'" [_thread_blocked, id=444, stack(0x000000002b860000,0x000000002b960000)]
  0x0000000017d80000 JavaThread "Cache worker for file content cache (C:\Project\Mine\GalleryAdapterDemo\.gradle\6.5\fileContent)" [_thread_blocked, id=1952, stack(0x0000000029f70000,0x000000002a070000)]
  0x000000001c56c800 JavaThread "Cache worker for Build Output Cleanup Cache (C:\Project\Mine\GalleryAdapterDemo\.gradle\buildOutputCleanup)" [_thread_blocked, id=1400, stack(0x0000000029a90000,0x0000000029b90000)]
  0x0000000016caf800 JavaThread "Build operations Thread 8" [_thread_blocked, id=13252, stack(0x00000000215c0000,0x00000000216c0000)]
  0x0000000017830000 JavaThread "Build operations Thread 7" [_thread_blocked, id=456, stack(0x00000000214c0000,0x00000000215c0000)]
  0x000000001782e000 JavaThread "Build operations Thread 6" [_thread_blocked, id=6664, stack(0x00000000213c0000,0x00000000214c0000)]
  0x000000001782f800 JavaThread "Build operations Thread 5" [_thread_blocked, id=2568, stack(0x00000000212c0000,0x00000000213c0000)]
  0x000000001bf26000 JavaThread "Build operations Thread 4" [_thread_in_Java, id=1284, stack(0x00000000211c0000,0x00000000212c0000)]
  0x000000001bf1e800 JavaThread "Build operations Thread 3" [_thread_blocked, id=10936, stack(0x00000000210c0000,0x00000000211c0000)]
  0x000000001bf25800 JavaThread "Build operations Thread 2" [_thread_blocked, id=6844, stack(0x0000000020fc0000,0x00000000210c0000)]
  0x000000001bf23000 JavaThread "Build operations" [_thread_blocked, id=2876, stack(0x0000000020670000,0x0000000020770000)]
  0x000000001bf21000 JavaThread "Cache worker for cache directory md-rule (C:\Users\SOLARVN\.gradle\caches\6.5\md-rule)" [_thread_blocked, id=6336, stack(0x000000001f180000,0x000000001f280000)]
  0x000000001bf24800 JavaThread "Cache worker for cache directory md-supplier (C:\Users\SOLARVN\.gradle\caches\6.5\md-supplier)" [_thread_blocked, id=6876, stack(0x000000001e880000,0x000000001e980000)]
  0x000000001bf1d800 JavaThread "Cache worker for checksums cache (C:\Project\Mine\GalleryAdapterDemo\.gradle\checksums)" [_thread_blocked, id=5368, stack(0x000000001e780000,0x000000001e880000)]
  0x000000001bf22800 JavaThread "Cache worker for file hash cache (C:\Project\Mine\GalleryAdapterDemo\.gradle\6.5\fileHashes)" [_thread_blocked, id=9376, stack(0x000000001e680000,0x000000001e780000)]
  0x000000001bf1d000 JavaThread "Thread-159" [_thread_blocked, id=12820, stack(0x000000001ce80000,0x000000001cf80000)]
  0x000000001c570800 JavaThread "Stdin handler" [_thread_blocked, id=12208, stack(0x000000001a4e0000,0x000000001a5e0000)]
  0x000000001c56e000 JavaThread "Asynchronous log dispatcher for DefaultDaemonConnection: socket connection from /127.0.0.1:55790 to /127.0.0.1:55797" [_thread_blocked, id=1332, stack(0x000000001a0e0000,0x000000001a1e0000)]
  0x000000001c56f800 JavaThread "Cancel handler" [_thread_blocked, id=13180, stack(0x0000000019fe0000,0x000000001a0e0000)]
  0x000000001c56c000 JavaThread "Handler for socket connection from /127.0.0.1:55790 to /127.0.0.1:55797" [_thread_in_native, id=5936, stack(0x00000000007b0000,0x00000000008b0000)]
  0x000000001c568000 JavaThread "Memory manager" [_thread_blocked, id=12516, stack(0x0000000029ba0000,0x0000000029ca0000)]
  0x000000001c565800 JavaThread "jar transforms Thread 119" [_thread_blocked, id=3528, stack(0x00000000279c0000,0x0000000027ac0000)]
  0x000000001c562800 JavaThread "jar transforms Thread 118" [_thread_blocked, id=12548, stack(0x00000000278c0000,0x00000000279c0000)]
  0x000000001c565000 JavaThread "jar transforms Thread 117" [_thread_blocked, id=7864, stack(0x00000000277c0000,0x00000000278c0000)]
  0x000000001c566800 JavaThread "jar transforms Thread 116" [_thread_blocked, id=11192, stack(0x00000000276c0000,0x00000000277c0000)]
  0x000000001c564000 JavaThread "jar transforms Thread 115" [_thread_blocked, id=11920, stack(0x00000000275c0000,0x00000000276c0000)]
  0x000000001c60d000 JavaThread "jar transforms Thread 114" [_thread_blocked, id=6452, stack(0x00000000274c0000,0x00000000275c0000)]
  0x000000001c60b000 JavaThread "jar transforms Thread 113" [_thread_blocked, id=8976, stack(0x00000000273c0000,0x00000000274c0000)]
  0x000000001c60c800 JavaThread "jar transforms Thread 112" [_thread_blocked, id=13764, stack(0x00000000272c0000,0x00000000273c0000)]
  0x000000001c60b800 JavaThread "jar transforms Thread 111" [_thread_blocked, id=13624, stack(0x00000000271c0000,0x00000000272c0000)]
  0x000000001c609800 JavaThread "jar transforms Thread 110" [_thread_blocked, id=4840, stack(0x00000000270c0000,0x00000000271c0000)]
  0x000000001c608800 JavaThread "jar transforms Thread 109" [_thread_blocked, id=13428, stack(0x0000000026fc0000,0x00000000270c0000)]
  0x000000001c60a000 JavaThread "jar transforms Thread 108" [_thread_blocked, id=11856, stack(0x0000000026dc0000,0x0000000026ec0000)]
  0x000000001c608000 JavaThread "jar transforms Thread 107" [_thread_blocked, id=5784, stack(0x0000000026cc0000,0x0000000026dc0000)]
  0x000000001c601000 JavaThread "jar transforms Thread 106" [_thread_blocked, id=12344, stack(0x0000000026bc0000,0x0000000026cc0000)]
  0x000000001c606800 JavaThread "jar transforms Thread 105" [_thread_blocked, id=3020, stack(0x0000000026ac0000,0x0000000026bc0000)]
  0x000000001c602800 JavaThread "jar transforms Thread 104" [_thread_blocked, id=14152, stack(0x00000000269c0000,0x0000000026ac0000)]
  0x000000001c605000 JavaThread "jar transforms Thread 103" [_thread_blocked, id=4960, stack(0x00000000268c0000,0x00000000269c0000)]
  0x000000001c600800 JavaThread "jar transforms Thread 102" [_thread_blocked, id=5284, stack(0x00000000267c0000,0x00000000268c0000)]
  0x000000001c605800 JavaThread "jar transforms Thread 101" [_thread_blocked, id=12836, stack(0x00000000266c0000,0x00000000267c0000)]
  0x000000001c607000 JavaThread "jar transforms Thread 100" [_thread_blocked, id=13432, stack(0x00000000265c0000,0x00000000266c0000)]
  0x000000001c5ff000 JavaThread "jar transforms Thread 99" [_thread_blocked, id=13444, stack(0x00000000264c0000,0x00000000265c0000)]
  0x000000001c604000 JavaThread "jar transforms Thread 98" [_thread_blocked, id=13820, stack(0x00000000263c0000,0x00000000264c0000)]
  0x000000001c5fe000 JavaThread "jar transforms Thread 97" [_thread_blocked, id=9352, stack(0x00000000262c0000,0x00000000263c0000)]
  0x000000001c602000 JavaThread "jar transforms Thread 96" [_thread_blocked, id=9916, stack(0x00000000261c0000,0x00000000262c0000)]
  0x000000001c603800 JavaThread "jar transforms Thread 95" [_thread_blocked, id=2508, stack(0x00000000260c0000,0x00000000261c0000)]
  0x000000001c5ff800 JavaThread "jar transforms Thread 94" [_thread_blocked, id=140, stack(0x0000000025fc0000,0x00000000260c0000)]
  0x000000001c9e8000 JavaThread "jar transforms Thread 93" [_thread_blocked, id=10304, stack(0x0000000025ec0000,0x0000000025fc0000)]
  0x000000001c9ec000 JavaThread "jar transforms Thread 92" [_thread_blocked, id=10260, stack(0x0000000025dc0000,0x0000000025ec0000)]
  0x000000001c9e4000 JavaThread "jar transforms Thread 91" [_thread_blocked, id=11812, stack(0x0000000025cc0000,0x0000000025dc0000)]
  0x000000001c9e7000 JavaThread "jar transforms Thread 90" [_thread_blocked, id=11736, stack(0x0000000025bc0000,0x0000000025cc0000)]
  0x000000001c9e6800 JavaThread "jar transforms Thread 89" [_thread_blocked, id=14272, stack(0x0000000025ac0000,0x0000000025bc0000)]
  0x000000001c9eb000 JavaThread "jar transforms Thread 88" [_thread_blocked, id=5320, stack(0x00000000259c0000,0x0000000025ac0000)]
  0x000000001c9e9800 JavaThread "jar transforms Thread 87" [_thread_blocked, id=9396, stack(0x00000000258c0000,0x00000000259c0000)]
  0x000000001c9ea800 JavaThread "jar transforms Thread 86" [_thread_blocked, id=14316, stack(0x00000000257c0000,0x00000000258c0000)]
  0x000000001c9e5800 JavaThread "jar transforms Thread 85" [_thread_blocked, id=932, stack(0x00000000256c0000,0x00000000257c0000)]
  0x000000001c9e5000 JavaThread "jar transforms Thread 84" [_thread_blocked, id=4524, stack(0x00000000255c0000,0x00000000256c0000)]
  0x000000001c9e9000 JavaThread "jar transforms Thread 83" [_thread_blocked, id=10748, stack(0x00000000254c0000,0x00000000255c0000)]
  0x000000001c9dc800 JavaThread "jar transforms Thread 82" [_thread_blocked, id=13564, stack(0x00000000253c0000,0x00000000254c0000)]
  0x000000001c9e1000 JavaThread "jar transforms Thread 81" [_thread_blocked, id=9408, stack(0x00000000252c0000,0x00000000253c0000)]
  0x000000001c9e2800 JavaThread "jar transforms Thread 80" [_thread_blocked, id=8748, stack(0x00000000251c0000,0x00000000252c0000)]
  0x000000001c9e2000 JavaThread "jar transforms Thread 79" [_thread_blocked, id=7376, stack(0x00000000250c0000,0x00000000251c0000)]
  0x000000001c9e0800 JavaThread "jar transforms Thread 78" [_thread_blocked, id=13948, stack(0x0000000024fc0000,0x00000000250c0000)]
  0x000000001c9dd800 JavaThread "jar transforms Thread 77" [_thread_blocked, id=10584, stack(0x0000000024ec0000,0x0000000024fc0000)]
  0x000000001c9df800 JavaThread "jar transforms Thread 76" [_thread_blocked, id=248, stack(0x0000000024dc0000,0x0000000024ec0000)]
  0x000000001c9de000 JavaThread "jar transforms Thread 75" [_thread_blocked, id=13584, stack(0x0000000024cc0000,0x0000000024dc0000)]
  0x000000001c9e3800 JavaThread "jar transforms Thread 74" [_thread_blocked, id=6556, stack(0x0000000024bc0000,0x0000000024cc0000)]
  0x000000001c9df000 JavaThread "jar transforms Thread 73" [_thread_blocked, id=13676, stack(0x0000000024ac0000,0x0000000024bc0000)]
  0x000000001c5e5000 JavaThread "jar transforms Thread 72" [_thread_blocked, id=10656, stack(0x00000000249c0000,0x0000000024ac0000)]
  0x000000001c5e4800 JavaThread "jar transforms Thread 71" [_thread_blocked, id=8432, stack(0x00000000248c0000,0x00000000249c0000)]
  0x000000001c5e6000 JavaThread "jar transforms Thread 70" [_thread_blocked, id=12704, stack(0x00000000247c0000,0x00000000248c0000)]
  0x000000001c5e1800 JavaThread "jar transforms Thread 69" [_thread_blocked, id=8376, stack(0x00000000246c0000,0x00000000247c0000)]
  0x000000001c5e0800 JavaThread "jar transforms Thread 68" [_thread_blocked, id=3372, stack(0x00000000245c0000,0x00000000246c0000)]
  0x000000001c5e6800 JavaThread "jar transforms Thread 67" [_thread_blocked, id=8248, stack(0x00000000244c0000,0x00000000245c0000)]
  0x000000001c5e3800 JavaThread "jar transforms Thread 66" [_thread_blocked, id=13192, stack(0x00000000243c0000,0x00000000244c0000)]
  0x000000001c5e3000 JavaThread "jar transforms Thread 65" [_thread_blocked, id=12416, stack(0x00000000242c0000,0x00000000243c0000)]
  0x000000001c5e2000 JavaThread "jar transforms Thread 64" [_thread_blocked, id=14320, stack(0x00000000241c0000,0x00000000242c0000)]
  0x000000001c5e7800 JavaThread "jar transforms Thread 63" [_thread_blocked, id=6980, stack(0x00000000240c0000,0x00000000241c0000)]
  0x000000001c5da000 JavaThread "jar transforms Thread 62" [_thread_blocked, id=11816, stack(0x0000000023fc0000,0x00000000240c0000)]
  0x000000001c5d9000 JavaThread "jar transforms Thread 61" [_thread_blocked, id=1448, stack(0x0000000023ec0000,0x0000000023fc0000)]
  0x000000001c5e0000 JavaThread "jar transforms Thread 60" [_thread_blocked, id=9612, stack(0x0000000023dc0000,0x0000000023ec0000)]
  0x000000001c5d8800 JavaThread "jar transforms Thread 59" [_thread_blocked, id=13936, stack(0x0000000023cc0000,0x0000000023dc0000)]
  0x000000001c5db800 JavaThread "jar transforms Thread 58" [_thread_blocked, id=5876, stack(0x0000000023bc0000,0x0000000023cc0000)]
  0x000000001c5dc000 JavaThread "jar transforms Thread 57" [_thread_blocked, id=7388, stack(0x0000000023ac0000,0x0000000023bc0000)]
  0x000000001c5dd000 JavaThread "jar transforms Thread 56" [_thread_blocked, id=8832, stack(0x00000000239c0000,0x0000000023ac0000)]
  0x000000001c5da800 JavaThread "jar transforms Thread 55" [_thread_blocked, id=13364, stack(0x00000000238c0000,0x00000000239c0000)]
  0x000000001c5df000 JavaThread "jar transforms Thread 54" [_thread_blocked, id=14004, stack(0x00000000237c0000,0x00000000238c0000)]
  0x000000001c5dd800 JavaThread "jar transforms Thread 53" [_thread_blocked, id=13788, stack(0x00000000236c0000,0x00000000237c0000)]
  0x000000001c5de800 JavaThread "jar transforms Thread 52" [_thread_blocked, id=6000, stack(0x00000000235c0000,0x00000000236c0000)]
  0x000000001c08f800 JavaThread "jar transforms Thread 51" [_thread_blocked, id=7140, stack(0x00000000234c0000,0x00000000235c0000)]
  0x000000001c094000 JavaThread "jar transforms Thread 50" [_thread_blocked, id=4784, stack(0x00000000233c0000,0x00000000234c0000)]
  0x000000001c090800 JavaThread "jar transforms Thread 49" [_thread_blocked, id=11280, stack(0x00000000232c0000,0x00000000233c0000)]
  0x000000001c091000 JavaThread "jar transforms Thread 48" [_thread_blocked, id=7060, stack(0x00000000231c0000,0x00000000232c0000)]
  0x000000001c095800 JavaThread "jar transforms Thread 47" [_thread_blocked, id=4736, stack(0x00000000230c0000,0x00000000231c0000)]
  0x000000001c093800 JavaThread "jar transforms Thread 46" [_thread_blocked, id=8532, stack(0x0000000022fc0000,0x00000000230c0000)]
  0x000000001c092800 JavaThread "jar transforms Thread 45" [_thread_blocked, id=11652, stack(0x0000000022ec0000,0x0000000022fc0000)]
  0x000000001c08e000 JavaThread "jar transforms Thread 44" [_thread_blocked, id=11880, stack(0x0000000022dc0000,0x0000000022ec0000)]
  0x000000001c092000 JavaThread "jar transforms Thread 43" [_thread_blocked, id=5408, stack(0x0000000022cc0000,0x0000000022dc0000)]
  0x000000001c095000 JavaThread "jar transforms Thread 42" [_thread_blocked, id=5100, stack(0x0000000022bc0000,0x0000000022cc0000)]
  0x000000001c08b000 JavaThread "jar transforms Thread 41" [_thread_blocked, id=10628, stack(0x0000000022ac0000,0x0000000022bc0000)]
  0x000000001c08d800 JavaThread "jar transforms Thread 40" [_thread_blocked, id=12024, stack(0x00000000229c0000,0x0000000022ac0000)]
  0x000000001c08f000 JavaThread "jar transforms Thread 39" [_thread_blocked, id=13792, stack(0x00000000228c0000,0x00000000229c0000)]
  0x000000001c086800 JavaThread "jar transforms Thread 38" [_thread_blocked, id=11204, stack(0x00000000227c0000,0x00000000228c0000)]
  0x000000001c08c800 JavaThread "jar transforms Thread 37" [_thread_blocked, id=13704, stack(0x00000000226c0000,0x00000000227c0000)]
  0x000000001c088000 JavaThread "jar transforms Thread 36" [_thread_blocked, id=5992, stack(0x00000000225c0000,0x00000000226c0000)]
  0x000000001c08a800 JavaThread "jar transforms Thread 35" [_thread_blocked, id=9688, stack(0x00000000224c0000,0x00000000225c0000)]
  0x000000001c087800 JavaThread "jar transforms Thread 34" [_thread_blocked, id=13888, stack(0x00000000223c0000,0x00000000224c0000)]
  0x000000001c08c000 JavaThread "jar transforms Thread 33" [_thread_blocked, id=1260, stack(0x00000000222c0000,0x00000000223c0000)]
  0x000000001c089000 JavaThread "jar transforms Thread 32" [_thread_blocked, id=14044, stack(0x00000000221c0000,0x00000000222c0000)]
  0x000000001c089800 JavaThread "jar transforms Thread 31" [_thread_blocked, id=14164, stack(0x00000000220c0000,0x00000000221c0000)]
  0x000000001bf2c000 JavaThread "jar transforms Thread 30" [_thread_blocked, id=8624, stack(0x0000000021fc0000,0x00000000220c0000)]
  0x000000001bf2b800 JavaThread "jar transforms Thread 29" [_thread_blocked, id=11968, stack(0x0000000021ec0000,0x0000000021fc0000)]
  0x000000001bf2a800 JavaThread "jar transforms Thread 28" [_thread_blocked, id=9580, stack(0x0000000021dc0000,0x0000000021ec0000)]
  0x000000001bf2a000 JavaThread "jar transforms Thread 27" [_thread_blocked, id=12580, stack(0x0000000021cc0000,0x0000000021dc0000)]
  0x000000001bf29000 JavaThread "jar transforms Thread 26" [_thread_blocked, id=10224, stack(0x0000000021bc0000,0x0000000021cc0000)]
  0x000000001bf28800 JavaThread "jar transforms Thread 25" [_thread_blocked, id=5560, stack(0x0000000021ac0000,0x0000000021bc0000)]
  0x000000001bf27800 JavaThread "jar transforms Thread 24" [_thread_blocked, id=7588, stack(0x00000000219c0000,0x0000000021ac0000)]
  0x000000001bf20000 JavaThread "jar transforms Thread 23" [_thread_blocked, id=844, stack(0x00000000218c0000,0x00000000219c0000)]
  0x000000001bf27000 JavaThread "jar transforms Thread 22" [_thread_blocked, id=12036, stack(0x00000000217c0000,0x00000000218c0000)]
  0x000000001bf1f000 JavaThread "jar transforms Thread 21" [_thread_blocked, id=13464, stack(0x00000000216c0000,0x00000000217c0000)]
  0x000000001782d000 JavaThread "Cache worker for file content cache (C:\Users\SOLARVN\.gradle\caches\6.5\fileContent)" [_thread_blocked, id=10596, stack(0x000000001f080000,0x000000001f180000)]
  0x0000000017831000 JavaThread "Cache worker for execution history cache (C:\Users\SOLARVN\.gradle\caches\6.5\executionHistory)" [_thread_blocked, id=14072, stack(0x000000001eb80000,0x000000001ec80000)]
  0x0000000017825800 JavaThread "jar transforms Thread 20" [_thread_blocked, id=14064, stack(0x000000001e380000,0x000000001e480000)]
  0x000000001782c800 JavaThread "jar transforms Thread 19" [_thread_blocked, id=13868, stack(0x000000001e280000,0x000000001e380000)]
  0x000000001782b800 JavaThread "jar transforms Thread 18" [_thread_blocked, id=13924, stack(0x000000001e180000,0x000000001e280000)]
  0x000000001782b000 JavaThread "jar transforms Thread 17" [_thread_blocked, id=6320, stack(0x000000001e080000,0x000000001e180000)]
  0x0000000017823800 JavaThread "jar transforms Thread 16" [_thread_blocked, id=5432, stack(0x000000001df80000,0x000000001e080000)]
  0x0000000017827000 JavaThread "jar transforms Thread 15" [_thread_blocked, id=14108, stack(0x000000001de80000,0x000000001df80000)]
  0x0000000017825000 JavaThread "jar transforms Thread 14" [_thread_blocked, id=14112, stack(0x000000001dc80000,0x000000001dd80000)]
  0x0000000017824000 JavaThread "jar transforms Thread 13" [_thread_blocked, id=128, stack(0x000000001db80000,0x000000001dc80000)]
  0x0000000017828800 JavaThread "jar transforms Thread 12" [_thread_blocked, id=13568, stack(0x000000001da80000,0x000000001db80000)]
  0x000000001782a000 JavaThread "jar transforms Thread 11" [_thread_blocked, id=13552, stack(0x000000001d980000,0x000000001da80000)]
  0x0000000017826800 JavaThread "jar transforms Thread 10" [_thread_blocked, id=10068, stack(0x000000001d880000,0x000000001d980000)]
  0x0000000017829800 JavaThread "jar transforms Thread 9" [_thread_blocked, id=928, stack(0x000000001d780000,0x000000001d880000)]
  0x0000000017828000 JavaThread "jar transforms Thread 8" [_thread_blocked, id=8328, stack(0x000000001d680000,0x000000001d780000)]
  0x0000000016cab800 JavaThread "jar transforms Thread 7" [_thread_blocked, id=728, stack(0x000000001d580000,0x000000001d680000)]
  0x0000000016cb1800 JavaThread "jar transforms Thread 6" [_thread_blocked, id=13968, stack(0x000000001d480000,0x000000001d580000)]
  0x0000000016cac800 JavaThread "jar transforms Thread 5" [_thread_blocked, id=13228, stack(0x000000001d380000,0x000000001d480000)]
  0x0000000016cb1000 JavaThread "jar transforms Thread 4" [_thread_blocked, id=10064, stack(0x000000001d280000,0x000000001d380000)]
  0x0000000016cae000 JavaThread "jar transforms Thread 3" [_thread_blocked, id=11700, stack(0x000000001d180000,0x000000001d280000)]
  0x0000000016cab000 JavaThread "jar transforms Thread 2" [_thread_blocked, id=12368, stack(0x000000001d080000,0x000000001d180000)]
  0x0000000016cae800 JavaThread "jar transforms" [_thread_blocked, id=7212, stack(0x000000001cf80000,0x000000001d080000)]
  0x0000000016cad000 JavaThread "Cache worker for file hash cache (C:\Users\SOLARVN\.gradle\caches\6.5\fileHashes)" [_thread_blocked, id=14140, stack(0x000000001a9e0000,0x000000001aae0000)]
  0x0000000016cb0000 JavaThread "File lock request listener" [_thread_in_native, id=10612, stack(0x000000001a8e0000,0x000000001a9e0000)]
  0x0000000015c2c000 JavaThread "Cache worker for journal cache (C:\Users\SOLARVN\.gradle\caches\journal-1)" [_thread_blocked, id=13204, stack(0x000000001a7e0000,0x000000001a8e0000)]
  0x00000000185ef800 JavaThread "Daemon worker" [_thread_blocked, id=2672, stack(0x000000001a1e0000,0x000000001a2e0000)]
  0x00000000171b8000 JavaThread "Daemon" [_thread_blocked, id=9964, stack(0x0000000019ee0000,0x0000000019fe0000)]
  0x00000000184f6800 JavaThread "Daemon periodic checks" [_thread_blocked, id=3848, stack(0x0000000019be0000,0x0000000019ce0000)]
  0x0000000018512800 JavaThread "Incoming local TCP Connector on port 55790" [_thread_in_native, id=10284, stack(0x00000000199a0000,0x0000000019aa0000)]
  0x000000001818d800 JavaThread "Daemon health stats" [_thread_blocked, id=6716, stack(0x0000000019360000,0x0000000019460000)]
  0x0000000015b66800 JavaThread "Service Thread" daemon [_thread_blocked, id=8076, stack(0x00000000167c0000,0x00000000168c0000)]
  0x0000000015b1b800 JavaThread "C1 CompilerThread3" daemon [_thread_blocked, id=10732, stack(0x00000000166c0000,0x00000000167c0000)]
  0x0000000015aff800 JavaThread "C2 CompilerThread2" daemon [_thread_in_native, id=10688, stack(0x00000000165c0000,0x00000000166c0000)]
=>0x0000000015afa000 JavaThread "C2 CompilerThread1" daemon [_thread_in_native, id=13744, stack(0x00000000164c0000,0x00000000165c0000)]
  0x0000000015af3800 JavaThread "C2 CompilerThread0" daemon [_thread_in_native, id=1296, stack(0x00000000163c0000,0x00000000164c0000)]
  0x0000000015aee800 JavaThread "Attach Listener" daemon [_thread_blocked, id=10048, stack(0x00000000162c0000,0x00000000163c0000)]
  0x0000000013cde800 JavaThread "Signal Dispatcher" daemon [_thread_blocked, id=6936, stack(0x00000000161c0000,0x00000000162c0000)]
  0x0000000015ae0800 JavaThread "Finalizer" daemon [_thread_blocked, id=1420, stack(0x0000000015fc0000,0x00000000160c0000)]
  0x0000000013ccc000 JavaThread "Reference Handler" daemon [_thread_blocked, id=13120, stack(0x0000000015ec0000,0x0000000015fc0000)]
  0x000000000225e000 JavaThread "main" [_thread_blocked, id=9132, stack(0x0000000002260000,0x0000000002360000)]

Other Threads:
  0x0000000013cc7800 VMThread [stack: 0x00000000159c0000,0x0000000015ac0000] [id=6600]
  0x0000000015b67000 WatcherThread [stack: 0x00000000168c0000,0x00000000169c0000] [id=9012]

VM state:not at safepoint (normal execution)

VM Mutex/Monitor currently owned by a thread: None

heap address: 0x00000000e0000000, size: 512 MB, Compressed Oops mode: 32-bit
Narrow klass base: 0x0000000000000000, Narrow klass shift: 3
Compressed class space size: 1073741824 Address: 0x0000000100000000

Heap:
 PSYoungGen      total 163840K, used 58403K [0x00000000f5580000, 0x00000000fff00000, 0x0000000100000000)
  eden space 154624K, 36% used [0x00000000f5580000,0x00000000f8ca0f08,0x00000000fec80000)
  from space 9216K, 21% used [0x00000000fec80000,0x00000000fee68010,0x00000000ff580000)
  to   space 8704K, 0% used [0x00000000ff680000,0x00000000ff680000,0x00000000fff00000)
 ParOldGen       total 349696K, used 268144K [0x00000000e0000000, 0x00000000f5580000, 0x00000000f5580000)
  object space 349696K, 76% used [0x00000000e0000000,0x00000000f05dc088,0x00000000f5580000)
 Metaspace       used 115962K, capacity 121918K, committed 123904K, reserved 1157120K
  class space    used 14933K, capacity 16095K, committed 16640K, reserved 1048576K

Card table byte_map: [0x0000000011820000,0x0000000011930000] byte_map_base: 0x0000000011120000

Marking Bits: (ParMarkBitMap*) 0x0000000052e4f030
 Begin Bits: [0x00000000121e0000, 0x00000000129e0000)
 End Bits:   [0x00000000129e0000, 0x00000000131e0000)

Polling page: 0x00000000004d0000

CodeCache: size=245760Kb used=69910Kb max_used=70144Kb free=175849Kb
 bounds [0x0000000002460000, 0x00000000069a0000, 0x0000000011460000]
 total_blobs=20700 nmethods=19684 adapters=926
 compilation: enabled

Compilation events (10 events):
Event: 63.424 Thread 0x0000000015b1b800 25321 %     3       java.util.HashMap$TreeNode::putTreeVal @ 27 (314 bytes)
Event: 63.425 Thread 0x0000000015b1b800 nmethod 25321% 0x0000000006218350 code [0x00000000062185c0, 0x00000000062199a8]
Event: 63.454 Thread 0x0000000015b1b800 25323       2       com.android.tools.r8.s.b.j::a (38 bytes)
Event: 63.454 Thread 0x0000000015b1b800 nmethod 25323 0x000000000281a150 code [0x000000000281a300, 0x000000000281a5f8]
Event: 63.597 Thread 0x0000000015b1b800 25325 %     3       java.util.stream.SortedOps$RefSortingSink::end @ 67 (126 bytes)
Event: 63.598 Thread 0x0000000015b1b800 nmethod 25325% 0x00000000059e0310 code [0x00000000059e0580, 0x00000000059e1658]
Event: 63.700 Thread 0x0000000015b1b800 25326       1       java.io.ObjectOutputStream$HandleTable::size (5 bytes)
Event: 63.700 Thread 0x0000000015b1b800 nmethod 25326 0x00000000059e0050 code [0x00000000059e01a0, 0x00000000059e02b0]
Event: 63.758 Thread 0x0000000015af3800 nmethod 25300 0x0000000006980010 code [0x0000000006980d00, 0x0000000006989fe0]
Event: 63.761 Thread 0x0000000015af3800 25324       4       com.android.tools.r8.s.b.k0::a (756 bytes)

GC Heap History (10 events):
Event: 61.670 GC heap before
{Heap before GC invocations=134 (full 5):
 PSYoungGen      total 161792K, used 152416K [0x00000000f5580000, 0x00000000ffe80000, 0x0000000100000000)
  eden space 150528K, 100% used [0x00000000f5580000,0x00000000fe880000,0x00000000fe880000)
  from space 11264K, 16% used [0x00000000ff380000,0x00000000ff558000,0x00000000ffe80000)
  to   space 11264K, 0% used [0x00000000fe880000,0x00000000fe880000,0x00000000ff380000)
 ParOldGen       total 349696K, used 262183K [0x00000000e0000000, 0x00000000f5580000, 0x00000000f5580000)
  object space 349696K, 74% used [0x00000000e0000000,0x00000000f0009d20,0x00000000f5580000)
 Metaspace       used 115955K, capacity 121912K, committed 123904K, reserved 1157120K
  class space    used 14933K, capacity 16094K, committed 16640K, reserved 1048576K
Event: 61.679 GC heap after
Heap after GC invocations=134 (full 5):
 PSYoungGen      total 161792K, used 2848K [0x00000000f5580000, 0x00000000fff00000, 0x0000000100000000)
  eden space 150528K, 0% used [0x00000000f5580000,0x00000000f5580000,0x00000000fe880000)
  from space 11264K, 25% used [0x00000000fe880000,0x00000000feb48000,0x00000000ff380000)
  to   space 10752K, 0% used [0x00000000ff480000,0x00000000ff480000,0x00000000fff00000)
 ParOldGen       total 349696K, used 263855K [0x00000000e0000000, 0x00000000f5580000, 0x00000000f5580000)
  object space 349696K, 75% used [0x00000000e0000000,0x00000000f01abd20,0x00000000f5580000)
 Metaspace       used 115955K, capacity 121912K, committed 123904K, reserved 1157120K
  class space    used 14933K, capacity 16094K, committed 16640K, reserved 1048576K
}
Event: 62.206 GC heap before
{Heap before GC invocations=135 (full 5):
 PSYoungGen      total 161792K, used 153376K [0x00000000f5580000, 0x00000000fff00000, 0x0000000100000000)
  eden space 150528K, 100% used [0x00000000f5580000,0x00000000fe880000,0x00000000fe880000)
  from space 11264K, 25% used [0x00000000fe880000,0x00000000feb48000,0x00000000ff380000)
  to   space 10752K, 0% used [0x00000000ff480000,0x00000000ff480000,0x00000000fff00000)
 ParOldGen       total 349696K, used 263855K [0x00000000e0000000, 0x00000000f5580000, 0x00000000f5580000)
  object space 349696K, 75% used [0x00000000e0000000,0x00000000f01abd20,0x00000000f5580000)
 Metaspace       used 115956K, capacity 121912K, committed 123904K, reserved 1157120K
  class space    used 14933K, capacity 16094K, committed 16640K, reserved 1048576K
Event: 62.215 GC heap after
Heap after GC invocations=135 (full 5):
 PSYoungGen      total 162816K, used 1728K [0x00000000f5580000, 0x00000000ffe80000, 0x0000000100000000)
  eden space 152576K, 0% used [0x00000000f5580000,0x00000000f5580000,0x00000000fea80000)
  from space 10240K, 16% used [0x00000000ff480000,0x00000000ff630000,0x00000000ffe80000)
  to   space 10240K, 0% used [0x00000000fea80000,0x00000000fea80000,0x00000000ff480000)
 ParOldGen       total 349696K, used 265159K [0x00000000e0000000, 0x00000000f5580000, 0x00000000f5580000)
  object space 349696K, 75% used [0x00000000e0000000,0x00000000f02f1d20,0x00000000f5580000)
 Metaspace       used 115956K, capacity 121912K, committed 123904K, reserved 1157120K
  class space    used 14933K, capacity 16094K, committed 16640K, reserved 1048576K
}
Event: 62.802 GC heap before
{Heap before GC invocations=136 (full 5):
 PSYoungGen      total 162816K, used 154304K [0x00000000f5580000, 0x00000000ffe80000, 0x0000000100000000)
  eden space 152576K, 100% used [0x00000000f5580000,0x00000000fea80000,0x00000000fea80000)
  from space 10240K, 16% used [0x00000000ff480000,0x00000000ff630000,0x00000000ffe80000)
  to   space 10240K, 0% used [0x00000000fea80000,0x00000000fea80000,0x00000000ff480000)
 ParOldGen       total 349696K, used 265159K [0x00000000e0000000, 0x00000000f5580000, 0x00000000f5580000)
  object space 349696K, 75% used [0x00000000e0000000,0x00000000f02f1d20,0x00000000f5580000)
 Metaspace       used 115960K, capacity 121918K, committed 123904K, reserved 1157120K
  class space    used 14933K, capacity 16095K, committed 16640K, reserved 1048576K
Event: 62.814 GC heap after
Heap after GC invocations=136 (full 5):
 PSYoungGen      total 162816K, used 1664K [0x00000000f5580000, 0x00000000fff00000, 0x0000000100000000)
  eden space 152576K, 0% used [0x00000000f5580000,0x00000000f5580000,0x00000000fea80000)
  from space 10240K, 16% used [0x00000000fea80000,0x00000000fec20000,0x00000000ff480000)
  to   space 9728K, 0% used [0x00000000ff580000,0x00000000ff580000,0x00000000fff00000)
 ParOldGen       total 349696K, used 266687K [0x00000000e0000000, 0x00000000f5580000, 0x00000000f5580000)
  object space 349696K, 76% used [0x00000000e0000000,0x00000000f046fd20,0x00000000f5580000)
 Metaspace       used 115960K, capacity 121918K, committed 123904K, reserved 1157120K
  class space    used 14933K, capacity 16095K, committed 16640K, reserved 1048576K
}
Event: 63.296 GC heap before
{Heap before GC invocations=137 (full 5):
 PSYoungGen      total 162816K, used 154240K [0x00000000f5580000, 0x00000000fff00000, 0x0000000100000000)
  eden space 152576K, 100% used [0x00000000f5580000,0x00000000fea80000,0x00000000fea80000)
  from space 10240K, 16% used [0x00000000fea80000,0x00000000fec20000,0x00000000ff480000)
  to   space 9728K, 0% used [0x00000000ff580000,0x00000000ff580000,0x00000000fff00000)
 ParOldGen       total 349696K, used 266687K [0x00000000e0000000, 0x00000000f5580000, 0x00000000f5580000)
  object space 349696K, 76% used [0x00000000e0000000,0x00000000f046fd20,0x00000000f5580000)
 Metaspace       used 115961K, capacity 121918K, committed 123904K, reserved 1157120K
  class space    used 14933K, capacity 16095K, committed 16640K, reserved 1048576K
Event: 63.303 GC heap after
Heap after GC invocations=137 (full 5):
 PSYoungGen      total 163840K, used 1920K [0x00000000f5580000, 0x00000000ffe80000, 0x0000000100000000)
  eden space 154624K, 0% used [0x00000000f5580000,0x00000000f5580000,0x00000000fec80000)
  from space 9216K, 20% used [0x00000000ff580000,0x00000000ff760000,0x00000000ffe80000)
  to   space 9216K, 0% used [0x00000000fec80000,0x00000000fec80000,0x00000000ff580000)
 ParOldGen       total 349696K, used 268144K [0x00000000e0000000, 0x00000000f5580000, 0x00000000f5580000)
  object space 349696K, 76% used [0x00000000e0000000,0x00000000f05dc088,0x00000000f5580000)
 Metaspace       used 115961K, capacity 121918K, committed 123904K, reserved 1157120K
  class space    used 14933K, capacity 16095K, committed 16640K, reserved 1048576K
}
Event: 63.720 GC heap before
{Heap before GC invocations=138 (full 5):
 PSYoungGen      total 163840K, used 156544K [0x00000000f5580000, 0x00000000ffe80000, 0x0000000100000000)
  eden space 154624K, 100% used [0x00000000f5580000,0x00000000fec80000,0x00000000fec80000)
  from space 9216K, 20% used [0x00000000ff580000,0x00000000ff760000,0x00000000ffe80000)
  to   space 9216K, 0% used [0x00000000fec80000,0x00000000fec80000,0x00000000ff580000)
 ParOldGen       total 349696K, used 268144K [0x00000000e0000000, 0x00000000f5580000, 0x00000000f5580000)
  object space 349696K, 76% used [0x00000000e0000000,0x00000000f05dc088,0x00000000f5580000)
 Metaspace       used 115962K, capacity 121918K, committed 123904K, reserved 1157120K
  class space    used 14933K, capacity 16095K, committed 16640K, reserved 1048576K
Event: 63.727 GC heap after
Heap after GC invocations=138 (full 5):
 PSYoungGen      total 163840K, used 1952K [0x00000000f5580000, 0x00000000fff00000, 0x0000000100000000)
  eden space 154624K, 0% used [0x00000000f5580000,0x00000000f5580000,0x00000000fec80000)
  from space 9216K, 21% used [0x00000000fec80000,0x00000000fee68010,0x00000000ff580000)
  to   space 8704K, 0% used [0x00000000ff680000,0x00000000ff680000,0x00000000fff00000)
 ParOldGen       total 349696K, used 268144K [0x00000000e0000000, 0x00000000f5580000, 0x00000000f5580000)
  object space 349696K, 76% used [0x00000000e0000000,0x00000000f05dc088,0x00000000f5580000)
 Metaspace       used 115962K, capacity 121918K, committed 123904K, reserved 1157120K
  class space    used 14933K, capacity 16095K, committed 16640K, reserved 1048576K
}

Deoptimization events (10 events):
Event: 61.220 Thread 0x000000001bf26000 Uncommon trap: reason=predicate action=maybe_recompile pc=0x000000000496c5fc method=com.android.tools.r8.s.b.U0.a(Lcom/android/tools/r8/ir/conversion/N;Ljava/util/Set;)Z @ 348
Event: 61.266 Thread 0x000000001bf26000 Uncommon trap: reason=predicate action=maybe_recompile pc=0x00000000059794f0 method=com.android.tools.r8.q.a.a.b.X.a([Ljava/lang/Object;I)I @ 14
Event: 61.667 Thread 0x000000001bf26000 Uncommon trap: reason=unstable_if action=reinterpret pc=0x00000000061f6d54 method=com.android.tools.r8.ir.regalloc.b.x()Z @ 41
Event: 61.694 Thread 0x000000001bf26000 Uncommon trap: reason=array_check action=maybe_recompile pc=0x000000000662312c method=com.android.tools.r8.q.a.a.b.X.a([Ljava/lang/Object;I)I @ 32
Event: 61.715 Thread 0x000000001bf26000 Uncommon trap: reason=array_check action=maybe_recompile pc=0x000000000662312c method=com.android.tools.r8.q.a.a.b.X.a([Ljava/lang/Object;I)I @ 32
Event: 61.715 Thread 0x000000001bf26000 Uncommon trap: reason=array_check action=maybe_recompile pc=0x000000000662312c method=com.android.tools.r8.q.a.a.b.X.a([Ljava/lang/Object;I)I @ 32
Event: 61.746 Thread 0x000000001bf26000 Uncommon trap: reason=array_check action=maybe_recompile pc=0x000000000662312c method=com.android.tools.r8.q.a.a.b.X.a([Ljava/lang/Object;I)I @ 32
Event: 62.081 Thread 0x000000001bf26000 Uncommon trap: reason=unstable_if action=reinterpret pc=0x0000000006176338 method=com.android.tools.r8.ir.regalloc.a.a(Lcom/android/tools/r8/ir/regalloc/a$a;Z)Lcom/android/tools/r8/ir/regalloc/a$a; @ 3597
Event: 62.553 Thread 0x000000001bf26000 Uncommon trap: reason=unstable_if action=reinterpret pc=0x0000000005fdae50 method=com.android.tools.r8.t.a.a.a.f.X.putAll(Ljava/util/Map;)V @ 85
Event: 62.612 Thread 0x000000001bf26000 Uncommon trap: reason=unstable_if action=reinterpret pc=0x0000000005b4fa54 method=com.android.tools.r8.ir.optimize.a0.a(Lcom/android/tools/r8/s/b/X;Lcom/android/tools/r8/ir/regalloc/a;)V @ 184

Classes redefined (0 events):
No events

Internal exceptions (10 events):
Event: 57.323 Thread 0x0000000016caf800 Exception <a 'sun/nio/fs/WindowsException'> (0x00000000fc051738) thrown at [C:\src\AOSP-openjdk-git\hotspot\src\share\vm\prims\jni.cpp, line 710]
Event: 57.832 Thread 0x0000000017830000 Exception <a 'sun/nio/fs/WindowsException'> (0x00000000f674aa98) thrown at [C:\src\AOSP-openjdk-git\hotspot\src\share\vm\prims\jni.cpp, line 710]
Event: 57.885 Thread 0x000000001bf1e800 Exception <a 'sun/nio/fs/WindowsException'> (0x00000000f5a50b58) thrown at [C:\src\AOSP-openjdk-git\hotspot\src\share\vm\prims\jni.cpp, line 710]
Event: 57.915 Thread 0x000000001bf23000 Exception <a 'sun/nio/fs/WindowsException'> (0x00000000fb5d0e50) thrown at [C:\src\AOSP-openjdk-git\hotspot\src\share\vm\prims\jni.cpp, line 710]
Event: 57.937 Thread 0x000000001bf23000 Exception <a 'sun/nio/fs/WindowsException'> (0x00000000fcf5e008) thrown at [C:\src\AOSP-openjdk-git\hotspot\src\share\vm\prims\jni.cpp, line 710]
Event: 57.944 Thread 0x000000001782f800 Exception <a 'sun/nio/fs/WindowsException'> (0x00000000fbfb1a38) thrown at [C:\src\AOSP-openjdk-git\hotspot\src\share\vm\prims\jni.cpp, line 710]
Event: 58.482 Thread 0x000000001bf25800 Exception <a 'sun/nio/fs/WindowsException'> (0x00000000f9957918) thrown at [C:\src\AOSP-openjdk-git\hotspot\src\share\vm\prims\jni.cpp, line 710]
Event: 58.745 Thread 0x0000000017d7c000 Exception <a 'sun/nio/fs/WindowsException'> (0x00000000faed2c90) thrown at [C:\src\AOSP-openjdk-git\hotspot\src\share\vm\prims\jni.cpp, line 710]
Event: 59.586 Thread 0x000000001782e000 Exception <a 'sun/nio/fs/WindowsException'> (0x00000000fa211c70) thrown at [C:\src\AOSP-openjdk-git\hotspot\src\share\vm\prims\jni.cpp, line 710]
Event: 59.883 Thread 0x0000000016caf800 Exception <a 'sun/nio/fs/WindowsException'> (0x00000000f8c79e40) thrown at [C:\src\AOSP-openjdk-git\hotspot\src\share\vm\prims\jni.cpp, line 710]

Events (10 events):
Event: 63.824 Thread 0x000000001bf26000 DEOPT PACKING pc=0x0000000005f695f1 sp=0x00000000212b9ef0
Event: 63.824 Thread 0x000000001bf26000 DEOPT UNPACKING pc=0x00000000024a71d0 sp=0x00000000212b9d38 mode 0
Event: 63.886 Thread 0x000000001bf26000 DEOPT PACKING pc=0x0000000005f696aa sp=0x00000000212b9ef0
Event: 63.886 Thread 0x000000001bf26000 DEOPT UNPACKING pc=0x00000000024a71d0 sp=0x00000000212b9d40 mode 0
Event: 63.939 Thread 0x000000001bf26000 DEOPT PACKING pc=0x0000000005f695d5 sp=0x00000000212b9fb0
Event: 63.939 Thread 0x000000001bf26000 DEOPT UNPACKING pc=0x00000000024a71d0 sp=0x00000000212b9df8 mode 0
Event: 63.957 Thread 0x000000001bf26000 DEOPT PACKING pc=0x00000000027696dd sp=0x00000000212b9700
Event: 63.957 Thread 0x000000001bf26000 DEOPT UNPACKING pc=0x00000000024a71d0 sp=0x00000000212b9420 mode 0
Event: 63.961 Thread 0x000000001bf26000 DEOPT PACKING pc=0x0000000005f696aa sp=0x00000000212ba140
Event: 63.961 Thread 0x000000001bf26000 DEOPT UNPACKING pc=0x00000000024a71d0 sp=0x00000000212b9f90 mode 0


Dynamic libraries:
0x00007ff617c60000 - 0x00007ff617c91000 	C:\Program Files\Android\Android Studio\jre\bin\java.exe
0x00007ffcee860000 - 0x00007ffceea50000 	C:\WINDOWS\SYSTEM32\ntdll.dll
0x00007ffcecef0000 - 0x00007ffcecfa2000 	C:\WINDOWS\System32\KERNEL32.DLL
0x00007ffcec5c0000 - 0x00007ffcec865000 	C:\WINDOWS\System32\KERNELBASE.dll
0x00007ffce95c0000 - 0x00007ffce964f000 	C:\WINDOWS\SYSTEM32\apphelp.dll
0x00007ffcecfb0000 - 0x00007ffced053000 	C:\WINDOWS\System32\ADVAPI32.dll
0x00007ffced5c0000 - 0x00007ffced65e000 	C:\WINDOWS\System32\msvcrt.dll
0x00007ffcecbe0000 - 0x00007ffcecc77000 	C:\WINDOWS\System32\sechost.dll
0x00007ffcecd60000 - 0x00007ffcece80000 	C:\WINDOWS\System32\RPCRT4.dll
0x00007ffced0c0000 - 0x00007ffced254000 	C:\WINDOWS\System32\USER32.dll
0x00007ffcec530000 - 0x00007ffcec551000 	C:\WINDOWS\System32\win32u.dll
0x00007ffced7c0000 - 0x00007ffced7e6000 	C:\WINDOWS\System32\GDI32.dll
0x00007ffcec320000 - 0x00007ffcec4b6000 	C:\WINDOWS\System32\gdi32full.dll
0x00007ffcec870000 - 0x00007ffcec90e000 	C:\WINDOWS\System32\msvcp_win.dll
0x00007ffceb860000 - 0x00007ffceb95a000 	C:\WINDOWS\System32\ucrtbase.dll
0x00007ffcde230000 - 0x00007ffcde4b4000 	C:\WINDOWS\WinSxS\amd64_microsoft.windows.common-controls_6595b64144ccf1df_6.0.18362.1198_none_9e820b57e45ad92f\COMCTL32.dll
0x00007ffcee4e0000 - 0x00007ffcee815000 	C:\WINDOWS\System32\combase.dll
0x00007ffceb7e0000 - 0x00007ffceb860000 	C:\WINDOWS\System32\bcryptPrimitives.dll
0x00007ffcecbb0000 - 0x00007ffcecbde000 	C:\WINDOWS\System32\IMM32.DLL
0x0000000051b00000 - 0x0000000051bd2000 	C:\Program Files\Android\Android Studio\jre\jre\bin\msvcr100.dll
0x0000000052680000 - 0x0000000052ecb000 	C:\Program Files\Android\Android Studio\jre\jre\bin\server\jvm.dll
0x00007ffcecd50000 - 0x00007ffcecd58000 	C:\WINDOWS\System32\PSAPI.DLL
0x00007ffce8ea0000 - 0x00007ffce8ec4000 	C:\WINDOWS\SYSTEM32\WINMM.dll
0x00007ffcea1d0000 - 0x00007ffcea1da000 	C:\WINDOWS\SYSTEM32\VERSION.dll
0x00007ffce7c00000 - 0x00007ffce7c09000 	C:\WINDOWS\SYSTEM32\WSOCK32.dll
0x00007ffced2c0000 - 0x00007ffced32f000 	C:\WINDOWS\System32\WS2_32.dll
0x00007ffce8e70000 - 0x00007ffce8e9d000 	C:\WINDOWS\SYSTEM32\WINMMBASE.dll
0x00007ffcec4e0000 - 0x00007ffcec52a000 	C:\WINDOWS\System32\cfgmgr32.dll
0x00007ffcdefd0000 - 0x00007ffcdefdf000 	C:\Program Files\Android\Android Studio\jre\jre\bin\verify.dll
0x00007ffcdc240000 - 0x00007ffcdc269000 	C:\Program Files\Android\Android Studio\jre\jre\bin\java.dll
0x00007ffcdefb0000 - 0x00007ffcdefc6000 	C:\Program Files\Android\Android Studio\jre\jre\bin\zip.dll
0x00007ffcedc60000 - 0x00007ffcee347000 	C:\WINDOWS\System32\SHELL32.dll
0x00007ffcecca0000 - 0x00007ffcecd49000 	C:\WINDOWS\System32\shcore.dll
0x00007ffceb960000 - 0x00007ffcec0e1000 	C:\WINDOWS\System32\windows.storage.dll
0x00007ffceb740000 - 0x00007ffceb763000 	C:\WINDOWS\System32\profapi.dll
0x00007ffceb790000 - 0x00007ffceb7da000 	C:\WINDOWS\System32\powrprof.dll
0x00007ffceb710000 - 0x00007ffceb720000 	C:\WINDOWS\System32\UMPDC.dll
0x00007ffced260000 - 0x00007ffced2b2000 	C:\WINDOWS\System32\shlwapi.dll
0x00007ffceb720000 - 0x00007ffceb731000 	C:\WINDOWS\System32\kernel.appcore.dll
0x00007ffcec4c0000 - 0x00007ffcec4d7000 	C:\WINDOWS\System32\cryptsp.dll
0x00007ffcdd0a0000 - 0x00007ffcdd0ba000 	C:\Program Files\Android\Android Studio\jre\jre\bin\net.dll
0x00007ffceaf00000 - 0x00007ffceaf67000 	C:\WINDOWS\system32\mswsock.dll
0x00007ffcdc5b0000 - 0x00007ffcdc5c3000 	C:\Program Files\Android\Android Studio\jre\jre\bin\nio.dll
0x00007ffcda2b0000 - 0x00007ffcda2d7000 	C:\Users\SOLARVN\.gradle\native\f6784746aeab05261644944871eae4fe03e0ef1612fff0a4a95f87b438bc6780\windows-amd64\native-platform.dll
0x00007ffcdc230000 - 0x00007ffcdc23d000 	C:\Program Files\Android\Android Studio\jre\jre\bin\management.dll
0x00007ffceaa70000 - 0x00007ffceaaa3000 	C:\WINDOWS\system32\rsaenh.dll
0x00007ffcec0f0000 - 0x00007ffcec116000 	C:\WINDOWS\System32\bcrypt.dll
0x00007ffceb630000 - 0x00007ffceb655000 	C:\WINDOWS\SYSTEM32\USERENV.dll
0x00007ffceb0d0000 - 0x00007ffceb0dc000 	C:\WINDOWS\SYSTEM32\CRYPTBASE.dll
0x00007ffceac10000 - 0x00007ffceac4a000 	C:\WINDOWS\SYSTEM32\IPHLPAPI.DLL
0x00007ffced7b0000 - 0x00007ffced7b8000 	C:\WINDOWS\System32\NSI.dll
0x00007ffce5940000 - 0x00007ffce5956000 	C:\WINDOWS\SYSTEM32\dhcpcsvc6.DLL
0x00007ffce5bf0000 - 0x00007ffce5c0c000 	C:\WINDOWS\SYSTEM32\dhcpcsvc.DLL
0x00007ffceac50000 - 0x00007ffcead1b000 	C:\WINDOWS\SYSTEM32\DNSAPI.dll
0x00007ffce5d00000 - 0x00007ffce5d0b000 	C:\WINDOWS\SYSTEM32\WINNSI.DLL
0x00007ffcea730000 - 0x00007ffcea761000 	C:\WINDOWS\SYSTEM32\ntmarta.dll
0x00007ffcc8540000 - 0x00007ffcc86dc000 	C:\Program Files\Android\Android Studio\jre\jre\bin\awt.dll
0x00007ffced6e0000 - 0x00007ffced7a5000 	C:\WINDOWS\System32\OLEAUT32.dll
0x00007ffce9cc0000 - 0x00007ffce9ced000 	C:\WINDOWS\SYSTEM32\dwmapi.dll
0x00007ffce7fd0000 - 0x00007ffce8590000 	C:\WINDOWS\SYSTEM32\d2d1.dll
0x00007ffce96c0000 - 0x00007ffce9759000 	C:\WINDOWS\system32\uxtheme.dll

VM Arguments:
jvm_args: -Xmx512m -Dfile.encoding=windows-1252 -Duser.country=US -Duser.language=en -Duser.variant 
java_command: org.gradle.launcher.daemon.bootstrap.GradleDaemon 6.5
java_class_path (initial): C:\Users\SOLARVN\.gradle\wrapper\dists\gradle-6.5-bin\6nifqtx7604sqp1q6g8wikw7p\gradle-6.5\lib\gradle-launcher-6.5.jar
Launcher Type: SUN_STANDARD

Environment Variables:
PATH=C:\Program Files (x86)\Common Files\Oracle\Java\javapath;C:\WINDOWS\system32;C:\WINDOWS;C:\WINDOWS\System32\Wbem;C:\WINDOWS\System32\WindowsPowerShell\v1.0\;C:\WINDOWS\System32\OpenSSH\;C:\Program Files\Git\cmd;C:\Program Files\ffmpeg\bin;C:\Program Files\Java\jdk-12.0.1\bin;C:\Program Files\nodejs\;C:\Phanmem\adb;C:\Program Files\dotnet\;C:\Users\SOLARVN\AppData\Local\Android\Sdk\ndk-bundle;C:\src\flutter\bin;C:\Users\SOLARVN\Desktop\jadx\jadx\bin;C:\Users\SOLARVN\AppData\Local\Microsoft\WindowsApps;C:\Users\SOLARVN\AppData\Roaming\npm;C:\Users\SOLARVN\AppData\Local\atom\bin;C:\Users\SOLARVN\AppData\Local\Programs\Microsoft VS Code\bin;C:\Users\SOLARVN\AppData\Local\Microsoft\WindowsApps
USERNAME=SOLARVN
OS=Windows_NT
PROCESSOR_IDENTIFIER=AMD64 Family 23 Model 17 Stepping 0, AuthenticAMD



---------------  S Y S T E M  ---------------

OS: Windows 10.0 , 64 bit Build 18362 (10.0.18362.1110)

CPU:total 8 (initial active 8) (8 cores per cpu, 1 threads per core) family 23 model 17 stepping 0, cmov, cx8, fxsr, mmx, sse, sse2, sse3, ssse3, sse4.1, sse4.2, popcnt, avx, avx2, aes, clmul, mmxext, 3dnowpref, lzcnt, sse4a, tsc, tscinvbit, tscinv, bmi1

Memory: 4k page, physical 15656076k(2426932k free), swap 15656076k(6688k free)

vm_info: OpenJDK 64-Bit Server VM (25.242-b01) for windows-amd64 JRE (1.8.0_242-release-1644-b01), built by "builder" with MS VC++ 10.0 (VS2010)

time: Wed Nov 18 10:44:19 2020
timezone: SE Asia Standard Time
elapsed time: 63 seconds (0d 0h 1m 3s)

